&&-&& 8700
14:18:42 INFO  Config               :: Home Directory: /home/aida/Bureau/lodPaddle/depotGit/openDataWrapper/jena-fuseki-0.2.7
14:18:42 INFO  Config               :: Configuration file: /home/aida/Bureau/lodPaddle/depotGit/openDataWrapper/ressources/fusekiConfig.ttl
14:18:42 INFO  Config               :: Service: TDB Service (R)
14:18:42 INFO  Config               ::   name = openData
14:18:42 INFO  Config               ::   query = /openData/sparql
14:18:42 INFO  Config               ::   query = /openData/query
14:18:42 INFO  Config               ::   update = /openData/update
14:18:42 INFO  Config               ::   graphStore(R) = /openData/get
14:18:42 INFO  Config               ::   graphStore(R) = /openData/data
14:18:43 INFO  Server               :: Dataset path = /openData
14:18:43 INFO  Server               :: Fuseki 0.2.7 2013-05-11T22:05:51+0100
14:18:43 INFO  Server               :: Started 2013/07/19 14:18:43 CEST on port 3030
14:19:15 INFO  Fuseki               :: [1] GET http://localhost:3030/openData/query?query=SELECT+DISTINCT+%3Fa+%3Fv0+%0AFROM+%3Chttp%3A%2F%2Flocalhost%3A3030%2FopenData%2Fmanifestations_sportives%3E%0AWHERE+%7B%0A%0AOPTIONAL+%7B%0A%3Fa+%3Chttp%3A%2F%2Fdbpedia.org%2Fproperty%2Finsee%3E+%3Fv0+.%0A%7D%0A%7D+OFFSET+0+LIMIT+1000
14:19:15 INFO  Fuseki               :: [2] GET http://localhost:3030/openData/query?query=SELECT+DISTINCT+%3Fb+%3Fv0+%0AFROM+%3Chttp%3A%2F%2Flocalhost%3A3030%2FopenData%2Fliste_villes_dbpedia.ttl%3E%0AWHERE+%7B%0A%0AOPTIONAL+%7B%0A%3Fb+%3Chttp%3A%2F%2Fdbpedia.org%2Fproperty%2Finsee%3E+%3Fv0+.%0A%7D%0A%7D+OFFSET+0+LIMIT+1000
14:19:15 INFO  Fuseki               :: [1] Query = SELECT DISTINCT ?a ?v0  FROM <http://localhost:3030/openData/manifestations_sportives> WHERE {  OPTIONAL { ?a <http://dbpedia.org/property/insee> ?v0 . } } OFFSET 0 LIMIT 1000
14:19:15 INFO  Fuseki               :: [2] Query = SELECT DISTINCT ?b ?v0  FROM <http://localhost:3030/openData/liste_villes_dbpedia.ttl> WHERE {  OPTIONAL { ?b <http://dbpedia.org/property/insee> ?v0 . } } OFFSET 0 LIMIT 1000
14:19:15 INFO  Fuseki               :: [2] exec/select
14:19:15 INFO  Fuseki               :: [1] exec/select
14:19:15 INFO  Fuseki               :: [1] 200 OK
14:19:15 INFO  Fuseki               :: [2] 200 OK
14:19:16 INFO  Fuseki               :: [3] GET http://localhost:3030/openData/query?query=SELECT+DISTINCT+%3Fb+%3Fv0+%0AFROM+%3Chttp%3A%2F%2Flocalhost%3A3030%2FopenData%2Fliste_villes_dbpedia.ttl%3E%0AWHERE+%7B%0A%0AOPTIONAL+%7B%0A%3Fb+%3Chttp%3A%2F%2Fdbpedia.org%2Fproperty%2Finsee%3E+%3Fv0+.%0A%7D%0A%7D+OFFSET+1000+LIMIT+1000
14:19:16 INFO  Fuseki               :: [3] Query = SELECT DISTINCT ?b ?v0  FROM <http://localhost:3030/openData/liste_villes_dbpedia.ttl> WHERE {  OPTIONAL { ?b <http://dbpedia.org/property/insee> ?v0 . } } OFFSET 1000 LIMIT 1000
14:19:16 INFO  Fuseki               :: [3] exec/select
14:19:16 INFO  Fuseki               :: [3] 200 OK
14:19:16 INFO  Fuseki               :: [4] GET http://localhost:3030/openData/query?query=SELECT+DISTINCT+%3Fa+%3Fv0+%0AFROM+%3Chttp%3A%2F%2Flocalhost%3A3030%2FopenData%2Fjustice_securite%3E%0AWHERE+%7B%0A%0AOPTIONAL+%7B%0A%3Fa+%3Chttp%3A%2F%2Fdbpedia.org%2Fproperty%2Ftown%3E+%3Fv0+.%0A%7D%0A%7D+OFFSET+0+LIMIT+1000
14:19:16 INFO  Fuseki               :: [4] Query = SELECT DISTINCT ?a ?v0  FROM <http://localhost:3030/openData/justice_securite> WHERE {  OPTIONAL { ?a <http://dbpedia.org/property/town> ?v0 . } } OFFSET 0 LIMIT 1000
14:19:16 INFO  Fuseki               :: [5] GET http://localhost:3030/openData/query?query=SELECT+DISTINCT+%3Fb+%3Fv0+%0AFROM+%3Chttp%3A%2F%2Flocalhost%3A3030%2FopenData%2Fliste_villes_dbpedia.ttl%3E%0AWHERE+%7B%0A%0AOPTIONAL+%7B%0A%3Fb+%3Chttp%3A%2F%2Fxmlns.com%2Ffoaf%2F0.1%2Fname%3E+%3Fv0+.%0A%7D%0A%7D+OFFSET+0+LIMIT+1000
14:19:16 INFO  Fuseki               :: [5] Query = SELECT DISTINCT ?b ?v0  FROM <http://localhost:3030/openData/liste_villes_dbpedia.ttl> WHERE {  OPTIONAL { ?b <http://xmlns.com/foaf/0.1/name> ?v0 . } } OFFSET 0 LIMIT 1000
14:19:16 INFO  Fuseki               :: [4] exec/select
14:19:16 INFO  Fuseki               :: [5] exec/select
14:19:16 INFO  Fuseki               :: [4] 200 OK
14:19:17 INFO  Fuseki               :: [5] 200 OK
14:19:17 INFO  Fuseki               :: [6] GET http://localhost:3030/openData/query?query=SELECT+DISTINCT+%3Fb+%3Fv0+%0AFROM+%3Chttp%3A%2F%2Flocalhost%3A3030%2FopenData%2Fliste_villes_dbpedia.ttl%3E%0AWHERE+%7B%0A%0AOPTIONAL+%7B%0A%3Fb+%3Chttp%3A%2F%2Fxmlns.com%2Ffoaf%2F0.1%2Fname%3E+%3Fv0+.%0A%7D%0A%7D+OFFSET+1000+LIMIT+1000
14:19:17 INFO  Fuseki               :: [6] Query = SELECT DISTINCT ?b ?v0  FROM <http://localhost:3030/openData/liste_villes_dbpedia.ttl> WHERE {  OPTIONAL { ?b <http://xmlns.com/foaf/0.1/name> ?v0 . } } OFFSET 1000 LIMIT 1000
14:19:17 INFO  Fuseki               :: [6] exec/select
14:19:17 INFO  Fuseki               :: [6] 200 OK
14:19:18 INFO  Fuseki               :: [7] GET http://localhost:3030/openData/query?query=SELECT+DISTINCT+%3Fa+%3Fv0+%0AFROM+%3Chttp%3A%2F%2Flocalhost%3A3030%2FopenData%2Fpatrimoine%3E%0AWHERE+%7B%0A%0AOPTIONAL+%7B%0A%3Fa+%3Chttp%3A%2F%2Fdbpedia.org%2Fproperty%2Finsee%3E+%3Fv0+.%0A%7D%0A%7D+OFFSET+0+LIMIT+1000
14:19:18 INFO  Fuseki               :: [8] GET http://localhost:3030/openData/query?query=SELECT+DISTINCT+%3Fb+%3Fv0+%0AFROM+%3Chttp%3A%2F%2Flocalhost%3A3030%2FopenData%2Fliste_villes_dbpedia.ttl%3E%0AWHERE+%7B%0A%0AOPTIONAL+%7B%0A%3Fb+%3Chttp%3A%2F%2Fdbpedia.org%2Fproperty%2Finsee%3E+%3Fv0+.%0A%7D%0A%7D+OFFSET+0+LIMIT+1000
14:19:18 INFO  Fuseki               :: [7] Query = SELECT DISTINCT ?a ?v0  FROM <http://localhost:3030/openData/patrimoine> WHERE {  OPTIONAL { ?a <http://dbpedia.org/property/insee> ?v0 . } } OFFSET 0 LIMIT 1000
14:19:18 INFO  Fuseki               :: [8] Query = SELECT DISTINCT ?b ?v0  FROM <http://localhost:3030/openData/liste_villes_dbpedia.ttl> WHERE {  OPTIONAL { ?b <http://dbpedia.org/property/insee> ?v0 . } } OFFSET 0 LIMIT 1000
14:19:18 INFO  Fuseki               :: [7] exec/select
14:19:18 INFO  Fuseki               :: [8] exec/select
14:19:18 INFO  Fuseki               :: [8] 200 OK
14:19:18 INFO  Fuseki               :: [7] 200 OK
14:19:18 INFO  Fuseki               :: [9] GET http://localhost:3030/openData/query?query=SELECT+DISTINCT+%3Fa+%3Fv0+%0AFROM+%3Chttp%3A%2F%2Flocalhost%3A3030%2FopenData%2Fpatrimoine%3E%0AWHERE+%7B%0A%0AOPTIONAL+%7B%0A%3Fa+%3Chttp%3A%2F%2Fdbpedia.org%2Fproperty%2Finsee%3E+%3Fv0+.%0A%7D%0A%7D+OFFSET+1000+LIMIT+1000
14:19:18 INFO  Fuseki               :: [9] Query = SELECT DISTINCT ?a ?v0  FROM <http://localhost:3030/openData/patrimoine> WHERE {  OPTIONAL { ?a <http://dbpedia.org/property/insee> ?v0 . } } OFFSET 1000 LIMIT 1000
14:19:18 INFO  Fuseki               :: [10] GET http://localhost:3030/openData/query?query=SELECT+DISTINCT+%3Fb+%3Fv0+%0AFROM+%3Chttp%3A%2F%2Flocalhost%3A3030%2FopenData%2Fliste_villes_dbpedia.ttl%3E%0AWHERE+%7B%0A%0AOPTIONAL+%7B%0A%3Fb+%3Chttp%3A%2F%2Fdbpedia.org%2Fproperty%2Finsee%3E+%3Fv0+.%0A%7D%0A%7D+OFFSET+1000+LIMIT+1000
14:19:18 INFO  Fuseki               :: [10] Query = SELECT DISTINCT ?b ?v0  FROM <http://localhost:3030/openData/liste_villes_dbpedia.ttl> WHERE {  OPTIONAL { ?b <http://dbpedia.org/property/insee> ?v0 . } } OFFSET 1000 LIMIT 1000
14:19:18 INFO  Fuseki               :: [9] exec/select
14:19:18 INFO  Fuseki               :: [10] exec/select
14:19:18 INFO  Fuseki               :: [10] 200 OK
14:19:18 INFO  Fuseki               :: [9] 200 OK
14:19:18 INFO  Fuseki               :: [11] GET http://localhost:3030/openData/query?query=SELECT+DISTINCT+%3Fa+%3Fv0+%0AFROM+%3Chttp%3A%2F%2Flocalhost%3A3030%2FopenData%2Fpatrimoine%3E%0AWHERE+%7B%0A%0AOPTIONAL+%7B%0A%3Fa+%3Chttp%3A%2F%2Fdbpedia.org%2Fproperty%2Finsee%3E+%3Fv0+.%0A%7D%0A%7D+OFFSET+2000+LIMIT+1000
14:19:18 INFO  Fuseki               :: [11] Query = SELECT DISTINCT ?a ?v0  FROM <http://localhost:3030/openData/patrimoine> WHERE {  OPTIONAL { ?a <http://dbpedia.org/property/insee> ?v0 . } } OFFSET 2000 LIMIT 1000
14:19:18 INFO  Fuseki               :: [11] exec/select
14:19:18 INFO  Fuseki               :: [11] 200 OK
14:19:18 INFO  Fuseki               :: [12] GET http://localhost:3030/openData/query?query=SELECT+DISTINCT+%3Fa+%3Fv0+%0AFROM+%3Chttp%3A%2F%2Flocalhost%3A3030%2FopenData%2Fpatrimoine%3E%0AWHERE+%7B%0A%0AOPTIONAL+%7B%0A%3Fa+%3Chttp%3A%2F%2Fdbpedia.org%2Fproperty%2Finsee%3E+%3Fv0+.%0A%7D%0A%7D+OFFSET+3000+LIMIT+1000
14:19:18 INFO  Fuseki               :: [12] Query = SELECT DISTINCT ?a ?v0  FROM <http://localhost:3030/openData/patrimoine> WHERE {  OPTIONAL { ?a <http://dbpedia.org/property/insee> ?v0 . } } OFFSET 3000 LIMIT 1000
14:19:18 INFO  Fuseki               :: [12] exec/select
14:19:18 INFO  Fuseki               :: [12] 200 OK
14:19:18 INFO  Fuseki               :: [13] GET http://localhost:3030/openData/query?query=SELECT+DISTINCT+%3Fa+%3Fv0+%0AFROM+%3Chttp%3A%2F%2Flocalhost%3A3030%2FopenData%2Fpatrimoine%3E%0AWHERE+%7B%0A%0AOPTIONAL+%7B%0A%3Fa+%3Chttp%3A%2F%2Fdbpedia.org%2Fproperty%2Finsee%3E+%3Fv0+.%0A%7D%0A%7D+OFFSET+4000+LIMIT+1000
14:19:18 INFO  Fuseki               :: [13] Query = SELECT DISTINCT ?a ?v0  FROM <http://localhost:3030/openData/patrimoine> WHERE {  OPTIONAL { ?a <http://dbpedia.org/property/insee> ?v0 . } } OFFSET 4000 LIMIT 1000
14:19:18 INFO  Fuseki               :: [13] exec/select
14:19:19 INFO  Fuseki               :: [13] 200 OK
14:19:19 INFO  Fuseki               :: [14] GET http://localhost:3030/openData/query?query=SELECT+DISTINCT+%3Fa+%3Fv0+%0AFROM+%3Chttp%3A%2F%2Flocalhost%3A3030%2FopenData%2Fpatrimoine%3E%0AWHERE+%7B%0A%0AOPTIONAL+%7B%0A%3Fa+%3Chttp%3A%2F%2Fdbpedia.org%2Fproperty%2Finsee%3E+%3Fv0+.%0A%7D%0A%7D+OFFSET+5000+LIMIT+1000
14:19:19 INFO  Fuseki               :: [14] Query = SELECT DISTINCT ?a ?v0  FROM <http://localhost:3030/openData/patrimoine> WHERE {  OPTIONAL { ?a <http://dbpedia.org/property/insee> ?v0 . } } OFFSET 5000 LIMIT 1000
14:19:19 INFO  Fuseki               :: [14] exec/select
14:19:19 INFO  Fuseki               :: [14] 200 OK
14:19:19 INFO  Fuseki               :: [15] GET http://localhost:3030/openData/query?query=SELECT+DISTINCT+%3Fa+%3Fv0+%0AFROM+%3Chttp%3A%2F%2Flocalhost%3A3030%2FopenData%2Fpatrimoine%3E%0AWHERE+%7B%0A%0AOPTIONAL+%7B%0A%3Fa+%3Chttp%3A%2F%2Fdbpedia.org%2Fproperty%2Finsee%3E+%3Fv0+.%0A%7D%0A%7D+OFFSET+6000+LIMIT+1000
14:19:19 INFO  Fuseki               :: [15] Query = SELECT DISTINCT ?a ?v0  FROM <http://localhost:3030/openData/patrimoine> WHERE {  OPTIONAL { ?a <http://dbpedia.org/property/insee> ?v0 . } } OFFSET 6000 LIMIT 1000
14:19:19 INFO  Fuseki               :: [15] exec/select
14:19:19 INFO  Fuseki               :: [15] 200 OK
14:19:19 INFO  Fuseki               :: [16] GET http://localhost:3030/openData/query?query=SELECT+DISTINCT+%3Fa+%3Fv0+%0AFROM+%3Chttp%3A%2F%2Flocalhost%3A3030%2FopenData%2Fpatrimoine%3E%0AWHERE+%7B%0A%0AOPTIONAL+%7B%0A%3Fa+%3Chttp%3A%2F%2Fdbpedia.org%2Fproperty%2Finsee%3E+%3Fv0+.%0A%7D%0A%7D+OFFSET+7000+LIMIT+1000
14:19:19 INFO  Fuseki               :: [16] Query = SELECT DISTINCT ?a ?v0  FROM <http://localhost:3030/openData/patrimoine> WHERE {  OPTIONAL { ?a <http://dbpedia.org/property/insee> ?v0 . } } OFFSET 7000 LIMIT 1000
14:19:19 INFO  Fuseki               :: [16] exec/select
14:19:19 INFO  Fuseki               :: [16] 200 OK
14:19:22 INFO  Fuseki               :: [17] GET http://localhost:3030/openData/query?query=SELECT+DISTINCT+%3Fa+%3Fv0+%0AFROM+%3Chttp%3A%2F%2Flocalhost%3A3030%2FopenData%2Fbibliotheque_mediatheque%3E%0AWHERE+%7B%0A%0AOPTIONAL+%7B%0A%3Fa+%3Chttp%3A%2F%2Fdbpedia.org%2Fproperty%2Ftown%3E+%3Fv0+.%0A%7D%0A%7D+OFFSET+0+LIMIT+1000
14:19:22 INFO  Fuseki               :: [17] Query = SELECT DISTINCT ?a ?v0  FROM <http://localhost:3030/openData/bibliotheque_mediatheque> WHERE {  OPTIONAL { ?a <http://dbpedia.org/property/town> ?v0 . } } OFFSET 0 LIMIT 1000
14:19:22 INFO  Fuseki               :: [18] GET http://localhost:3030/openData/query?query=SELECT+DISTINCT+%3Fb+%3Fv0+%0AFROM+%3Chttp%3A%2F%2Flocalhost%3A3030%2FopenData%2Fliste_villes_dbpedia.ttl%3E%0AWHERE+%7B%0A%0AOPTIONAL+%7B%0A%3Fb+%3Chttp%3A%2F%2Fxmlns.com%2Ffoaf%2F0.1%2Fname%3E+%3Fv0+.%0A%7D%0A%7D+OFFSET+0+LIMIT+1000
14:19:22 INFO  Fuseki               :: [18] Query = SELECT DISTINCT ?b ?v0  FROM <http://localhost:3030/openData/liste_villes_dbpedia.ttl> WHERE {  OPTIONAL { ?b <http://xmlns.com/foaf/0.1/name> ?v0 . } } OFFSET 0 LIMIT 1000
14:19:22 INFO  Fuseki               :: [17] exec/select
14:19:22 INFO  Fuseki               :: [18] exec/select
14:19:22 INFO  Fuseki               :: [17] 200 OK
14:19:22 INFO  Fuseki               :: [18] 200 OK
14:19:22 INFO  Fuseki               :: [19] GET http://localhost:3030/openData/query?query=SELECT+DISTINCT+%3Fb+%3Fv0+%0AFROM+%3Chttp%3A%2F%2Flocalhost%3A3030%2FopenData%2Fliste_villes_dbpedia.ttl%3E%0AWHERE+%7B%0A%0AOPTIONAL+%7B%0A%3Fb+%3Chttp%3A%2F%2Fxmlns.com%2Ffoaf%2F0.1%2Fname%3E+%3Fv0+.%0A%7D%0A%7D+OFFSET+1000+LIMIT+1000
14:19:22 INFO  Fuseki               :: [19] Query = SELECT DISTINCT ?b ?v0  FROM <http://localhost:3030/openData/liste_villes_dbpedia.ttl> WHERE {  OPTIONAL { ?b <http://xmlns.com/foaf/0.1/name> ?v0 . } } OFFSET 1000 LIMIT 1000
14:19:22 INFO  Fuseki               :: [19] exec/select
14:19:22 INFO  Fuseki               :: [19] 200 OK
14:19:23 INFO  Fuseki               :: [20] GET http://localhost:3030/openData/query?query=SELECT+DISTINCT+%3Fa+%3Fv0+%0AFROM+%3Chttp%3A%2F%2Flocalhost%3A3030%2FopenData%2Fcinema%3E%0AWHERE+%7B%0A%0AOPTIONAL+%7B%0A%3Fa+%3Chttp%3A%2F%2Fdbpedia.org%2Fproperty%2Ftown%3E+%3Fv0+.%0A%7D%0A%7D+OFFSET+0+LIMIT+1000
14:19:23 INFO  Fuseki               :: [20] Query = SELECT DISTINCT ?a ?v0  FROM <http://localhost:3030/openData/cinema> WHERE {  OPTIONAL { ?a <http://dbpedia.org/property/town> ?v0 . } } OFFSET 0 LIMIT 1000
14:19:23 INFO  Fuseki               :: [21] GET http://localhost:3030/openData/query?query=SELECT+DISTINCT+%3Fb+%3Fv0+%0AFROM+%3Chttp%3A%2F%2Flocalhost%3A3030%2FopenData%2Fliste_villes_dbpedia.ttl%3E%0AWHERE+%7B%0A%0AOPTIONAL+%7B%0A%3Fb+%3Chttp%3A%2F%2Fxmlns.com%2Ffoaf%2F0.1%2Fname%3E+%3Fv0+.%0A%7D%0A%7D+OFFSET+0+LIMIT+1000
14:19:23 INFO  Fuseki               :: [21] Query = SELECT DISTINCT ?b ?v0  FROM <http://localhost:3030/openData/liste_villes_dbpedia.ttl> WHERE {  OPTIONAL { ?b <http://xmlns.com/foaf/0.1/name> ?v0 . } } OFFSET 0 LIMIT 1000
14:19:23 INFO  Fuseki               :: [20] exec/select
14:19:23 INFO  Fuseki               :: [21] exec/select
14:19:23 INFO  Fuseki               :: [20] 200 OK
14:19:23 INFO  Fuseki               :: [21] 200 OK
14:19:23 INFO  Fuseki               :: [22] GET http://localhost:3030/openData/query?query=SELECT+DISTINCT+%3Fb+%3Fv0+%0AFROM+%3Chttp%3A%2F%2Flocalhost%3A3030%2FopenData%2Fliste_villes_dbpedia.ttl%3E%0AWHERE+%7B%0A%0AOPTIONAL+%7B%0A%3Fb+%3Chttp%3A%2F%2Fxmlns.com%2Ffoaf%2F0.1%2Fname%3E+%3Fv0+.%0A%7D%0A%7D+OFFSET+1000+LIMIT+1000
14:19:23 INFO  Fuseki               :: [22] Query = SELECT DISTINCT ?b ?v0  FROM <http://localhost:3030/openData/liste_villes_dbpedia.ttl> WHERE {  OPTIONAL { ?b <http://xmlns.com/foaf/0.1/name> ?v0 . } } OFFSET 1000 LIMIT 1000
14:19:23 INFO  Fuseki               :: [22] exec/select
14:19:23 INFO  Fuseki               :: [22] 200 OK
14:19:23 INFO  Fuseki               :: [23] GET http://localhost:3030/openData/query?query=SELECT+DISTINCT+%3Fa+%3Fv0+%0AFROM+%3Chttp%3A%2F%2Flocalhost%3A3030%2FopenData%2Fsalle_spectacle%3E%0AWHERE+%7B%0A%0AOPTIONAL+%7B%0A%3Fa+%3Chttp%3A%2F%2Fdbpedia.org%2Fproperty%2Ftown%3E+%3Fv0+.%0A%7D%0A%7D+OFFSET+0+LIMIT+1000
14:19:23 INFO  Fuseki               :: [24] GET http://localhost:3030/openData/query?query=SELECT+DISTINCT+%3Fb+%3Fv0+%0AFROM+%3Chttp%3A%2F%2Flocalhost%3A3030%2FopenData%2Fliste_villes_dbpedia.ttl%3E%0AWHERE+%7B%0A%0AOPTIONAL+%7B%0A%3Fb+%3Chttp%3A%2F%2Fxmlns.com%2Ffoaf%2F0.1%2Fname%3E+%3Fv0+.%0A%7D%0A%7D+OFFSET+0+LIMIT+1000
14:19:23 INFO  Fuseki               :: [23] Query = SELECT DISTINCT ?a ?v0  FROM <http://localhost:3030/openData/salle_spectacle> WHERE {  OPTIONAL { ?a <http://dbpedia.org/property/town> ?v0 . } } OFFSET 0 LIMIT 1000
14:19:23 INFO  Fuseki               :: [24] Query = SELECT DISTINCT ?b ?v0  FROM <http://localhost:3030/openData/liste_villes_dbpedia.ttl> WHERE {  OPTIONAL { ?b <http://xmlns.com/foaf/0.1/name> ?v0 . } } OFFSET 0 LIMIT 1000
14:19:23 INFO  Fuseki               :: [24] exec/select
14:19:23 INFO  Fuseki               :: [23] exec/select
14:19:23 INFO  Fuseki               :: [23] 200 OK
14:19:23 INFO  Fuseki               :: [24] 200 OK
14:19:23 INFO  Fuseki               :: [25] GET http://localhost:3030/openData/query?query=SELECT+DISTINCT+%3Fb+%3Fv0+%0AFROM+%3Chttp%3A%2F%2Flocalhost%3A3030%2FopenData%2Fliste_villes_dbpedia.ttl%3E%0AWHERE+%7B%0A%0AOPTIONAL+%7B%0A%3Fb+%3Chttp%3A%2F%2Fxmlns.com%2Ffoaf%2F0.1%2Fname%3E+%3Fv0+.%0A%7D%0A%7D+OFFSET+1000+LIMIT+1000
14:19:23 INFO  Fuseki               :: [25] Query = SELECT DISTINCT ?b ?v0  FROM <http://localhost:3030/openData/liste_villes_dbpedia.ttl> WHERE {  OPTIONAL { ?b <http://xmlns.com/foaf/0.1/name> ?v0 . } } OFFSET 1000 LIMIT 1000
14:19:23 INFO  Fuseki               :: [25] exec/select
14:19:23 INFO  Fuseki               :: [25] 200 OK
14:19:23 INFO  Fuseki               :: [26] GET http://localhost:3030/openData/query?query=SELECT+DISTINCT+%3Fa+%3Fv0+%0AFROM+%3Chttp%3A%2F%2Flocalhost%3A3030%2FopenData%2Flieux_d_art%3E%0AWHERE+%7B%0A%0AOPTIONAL+%7B%0A%3Fa+%3Chttp%3A%2F%2Fdbpedia.org%2Fproperty%2Finsee%3E+%3Fv0+.%0A%7D%0A%7D+OFFSET+0+LIMIT+1000
14:19:23 INFO  Fuseki               :: [27] GET http://localhost:3030/openData/query?query=SELECT+DISTINCT+%3Fb+%3Fv0+%0AFROM+%3Chttp%3A%2F%2Flocalhost%3A3030%2FopenData%2Fvilles.ttl%3E%0AWHERE+%7B%0A%0AOPTIONAL+%7B%0A%3Fb+%3Chttp%3A%2F%2Ffr.dbpedia.org%2Fproperty%2Finsee%3E+%3Fv0+.%0A%7D%0A%7D+OFFSET+0+LIMIT+1000
14:19:23 INFO  Fuseki               :: [26] Query = SELECT DISTINCT ?a ?v0  FROM <http://localhost:3030/openData/lieux_d_art> WHERE {  OPTIONAL { ?a <http://dbpedia.org/property/insee> ?v0 . } } OFFSET 0 LIMIT 1000
14:19:23 INFO  Fuseki               :: [27] Query = SELECT DISTINCT ?b ?v0  FROM <http://localhost:3030/openData/villes.ttl> WHERE {  OPTIONAL { ?b <http://fr.dbpedia.org/property/insee> ?v0 . } } OFFSET 0 LIMIT 1000
14:19:23 INFO  Fuseki               :: [27] exec/select
14:19:23 INFO  Fuseki               :: [26] exec/select
14:19:23 INFO  Fuseki               :: [26] 200 OK
14:19:23 INFO  Fuseki               :: [27] 200 OK
14:19:24 INFO  Fuseki               :: [28] GET http://localhost:3030/openData/query?query=SELECT+DISTINCT+%3Fb+%3Fv0+%0AFROM+%3Chttp%3A%2F%2Flocalhost%3A3030%2FopenData%2Fvilles.ttl%3E%0AWHERE+%7B%0A%0AOPTIONAL+%7B%0A%3Fb+%3Chttp%3A%2F%2Ffr.dbpedia.org%2Fproperty%2Finsee%3E+%3Fv0+.%0A%7D%0A%7D+OFFSET+1000+LIMIT+1000
14:19:24 INFO  Fuseki               :: [28] Query = SELECT DISTINCT ?b ?v0  FROM <http://localhost:3030/openData/villes.ttl> WHERE {  OPTIONAL { ?b <http://fr.dbpedia.org/property/insee> ?v0 . } } OFFSET 1000 LIMIT 1000
14:19:24 INFO  Fuseki               :: [28] exec/select
14:19:24 INFO  Fuseki               :: [28] 200 OK
14:19:24 INFO  Fuseki               :: [29] GET http://localhost:3030/openData/query?query=SELECT+DISTINCT+%3Fa+%3Fv0+%0AFROM+%3Chttp%3A%2F%2Flocalhost%3A3030%2FopenData%2Fparc_animalier_theme%3E%0AWHERE+%7B%0A%0AOPTIONAL+%7B%0A%3Fa+%3Chttp%3A%2F%2Fdbpedia.org%2Fproperty%2Ftown%3E+%3Fv0+.%0A%7D%0A%7D+OFFSET+0+LIMIT+1000
14:19:24 INFO  Fuseki               :: [30] GET http://localhost:3030/openData/query?query=SELECT+DISTINCT+%3Fb+%3Fv0+%0AFROM+%3Chttp%3A%2F%2Flocalhost%3A3030%2FopenData%2Fliste_villes_dbpedia.ttl%3E%0AWHERE+%7B%0A%0AOPTIONAL+%7B%0A%3Fb+%3Chttp%3A%2F%2Fxmlns.com%2Ffoaf%2F0.1%2Fname%3E+%3Fv0+.%0A%7D%0A%7D+OFFSET+0+LIMIT+1000
14:19:24 INFO  Fuseki               :: [29] Query = SELECT DISTINCT ?a ?v0  FROM <http://localhost:3030/openData/parc_animalier_theme> WHERE {  OPTIONAL { ?a <http://dbpedia.org/property/town> ?v0 . } } OFFSET 0 LIMIT 1000
14:19:24 INFO  Fuseki               :: [30] Query = SELECT DISTINCT ?b ?v0  FROM <http://localhost:3030/openData/liste_villes_dbpedia.ttl> WHERE {  OPTIONAL { ?b <http://xmlns.com/foaf/0.1/name> ?v0 . } } OFFSET 0 LIMIT 1000
14:19:24 INFO  Fuseki               :: [29] exec/select
14:19:24 INFO  Fuseki               :: [30] exec/select
14:19:24 INFO  Fuseki               :: [29] 200 OK
14:19:24 INFO  Fuseki               :: [30] 200 OK
14:19:24 INFO  Fuseki               :: [31] GET http://localhost:3030/openData/query?query=SELECT+DISTINCT+%3Fb+%3Fv0+%0AFROM+%3Chttp%3A%2F%2Flocalhost%3A3030%2FopenData%2Fliste_villes_dbpedia.ttl%3E%0AWHERE+%7B%0A%0AOPTIONAL+%7B%0A%3Fb+%3Chttp%3A%2F%2Fxmlns.com%2Ffoaf%2F0.1%2Fname%3E+%3Fv0+.%0A%7D%0A%7D+OFFSET+1000+LIMIT+1000
14:19:24 INFO  Fuseki               :: [31] Query = SELECT DISTINCT ?b ?v0  FROM <http://localhost:3030/openData/liste_villes_dbpedia.ttl> WHERE {  OPTIONAL { ?b <http://xmlns.com/foaf/0.1/name> ?v0 . } } OFFSET 1000 LIMIT 1000
14:19:24 INFO  Fuseki               :: [31] exec/select
14:19:24 INFO  Fuseki               :: [31] 200 OK
14:19:24 INFO  Fuseki               :: [32] GET http://localhost:3030/openData/query?query=SELECT+DISTINCT+%3Fa+%3Fv0+%0AFROM+%3Chttp%3A%2F%2Flocalhost%3A3030%2FopenData%2Fchateau_monument%3E%0AWHERE+%7B%0A%0AOPTIONAL+%7B%0A%3Fa+%3Chttp%3A%2F%2Fdbpedia.org%2Fproperty%2Ftown%3E+%3Fv0+.%0A%7D%0A%7D+OFFSET+0+LIMIT+1000
14:19:24 INFO  Fuseki               :: [32] Query = SELECT DISTINCT ?a ?v0  FROM <http://localhost:3030/openData/chateau_monument> WHERE {  OPTIONAL { ?a <http://dbpedia.org/property/town> ?v0 . } } OFFSET 0 LIMIT 1000
14:19:24 INFO  Fuseki               :: [33] GET http://localhost:3030/openData/query?query=SELECT+DISTINCT+%3Fb+%3Fv0+%0AFROM+%3Chttp%3A%2F%2Flocalhost%3A3030%2FopenData%2Fliste_villes_dbpedia.ttl%3E%0AWHERE+%7B%0A%0AOPTIONAL+%7B%0A%3Fb+%3Chttp%3A%2F%2Fxmlns.com%2Ffoaf%2F0.1%2Fname%3E+%3Fv0+.%0A%7D%0A%7D+OFFSET+0+LIMIT+1000
14:19:24 INFO  Fuseki               :: [33] Query = SELECT DISTINCT ?b ?v0  FROM <http://localhost:3030/openData/liste_villes_dbpedia.ttl> WHERE {  OPTIONAL { ?b <http://xmlns.com/foaf/0.1/name> ?v0 . } } OFFSET 0 LIMIT 1000
14:19:24 INFO  Fuseki               :: [32] exec/select
14:19:24 INFO  Fuseki               :: [33] exec/select
14:19:24 INFO  Fuseki               :: [32] 200 OK
14:19:24 INFO  Fuseki               :: [33] 200 OK
14:19:24 INFO  Fuseki               :: [34] GET http://localhost:3030/openData/query?query=SELECT+DISTINCT+%3Fb+%3Fv0+%0AFROM+%3Chttp%3A%2F%2Flocalhost%3A3030%2FopenData%2Fliste_villes_dbpedia.ttl%3E%0AWHERE+%7B%0A%0AOPTIONAL+%7B%0A%3Fb+%3Chttp%3A%2F%2Fxmlns.com%2Ffoaf%2F0.1%2Fname%3E+%3Fv0+.%0A%7D%0A%7D+OFFSET+1000+LIMIT+1000
14:19:24 INFO  Fuseki               :: [34] Query = SELECT DISTINCT ?b ?v0  FROM <http://localhost:3030/openData/liste_villes_dbpedia.ttl> WHERE {  OPTIONAL { ?b <http://xmlns.com/foaf/0.1/name> ?v0 . } } OFFSET 1000 LIMIT 1000
14:19:24 INFO  Fuseki               :: [34] exec/select
14:19:24 INFO  Fuseki               :: [34] 200 OK
14:19:24 INFO  Fuseki               :: [35] GET http://localhost:3030/openData/query?query=SELECT+DISTINCT+%3Fa+%3Fv0+%0AFROM+%3Chttp%3A%2F%2Flocalhost%3A3030%2FopenData%2Frestaurant%3E%0AWHERE+%7B%0A%0AOPTIONAL+%7B%0A%3Fa+%3Chttp%3A%2F%2Fdbpedia.org%2Fproperty%2Ftown%3E+%3Fv0+.%0A%7D%0A%7D+OFFSET+0+LIMIT+1000
14:19:24 INFO  Fuseki               :: [36] GET http://localhost:3030/openData/query?query=SELECT+DISTINCT+%3Fb+%3Fv0+%0AFROM+%3Chttp%3A%2F%2Flocalhost%3A3030%2FopenData%2Fliste_villes_dbpedia.ttl%3E%0AWHERE+%7B%0A%0AOPTIONAL+%7B%0A%3Fb+%3Chttp%3A%2F%2Fxmlns.com%2Ffoaf%2F0.1%2Fname%3E+%3Fv0+.%0A%7D%0A%7D+OFFSET+0+LIMIT+1000
14:19:24 INFO  Fuseki               :: [35] Query = SELECT DISTINCT ?a ?v0  FROM <http://localhost:3030/openData/restaurant> WHERE {  OPTIONAL { ?a <http://dbpedia.org/property/town> ?v0 . } } OFFSET 0 LIMIT 1000
14:19:24 INFO  Fuseki               :: [36] Query = SELECT DISTINCT ?b ?v0  FROM <http://localhost:3030/openData/liste_villes_dbpedia.ttl> WHERE {  OPTIONAL { ?b <http://xmlns.com/foaf/0.1/name> ?v0 . } } OFFSET 0 LIMIT 1000
14:19:24 INFO  Fuseki               :: [36] exec/select
14:19:24 INFO  Fuseki               :: [35] exec/select
14:19:24 INFO  Fuseki               :: [35] 200 OK
14:19:25 INFO  Fuseki               :: [36] 200 OK
14:19:25 INFO  Fuseki               :: [37] GET http://localhost:3030/openData/query?query=SELECT+DISTINCT+%3Fb+%3Fv0+%0AFROM+%3Chttp%3A%2F%2Flocalhost%3A3030%2FopenData%2Fliste_villes_dbpedia.ttl%3E%0AWHERE+%7B%0A%0AOPTIONAL+%7B%0A%3Fb+%3Chttp%3A%2F%2Fxmlns.com%2Ffoaf%2F0.1%2Fname%3E+%3Fv0+.%0A%7D%0A%7D+OFFSET+1000+LIMIT+1000
14:19:25 INFO  Fuseki               :: [37] Query = SELECT DISTINCT ?b ?v0  FROM <http://localhost:3030/openData/liste_villes_dbpedia.ttl> WHERE {  OPTIONAL { ?b <http://xmlns.com/foaf/0.1/name> ?v0 . } } OFFSET 1000 LIMIT 1000
14:19:25 INFO  Fuseki               :: [37] exec/select
14:19:25 INFO  Fuseki               :: [37] 200 OK
14:19:25 INFO  Fuseki               :: [38] GET http://localhost:3030/openData/query?query=SELECT+DISTINCT+%3Fa+%3Fv0+%0AFROM+%3Chttp%3A%2F%2Flocalhost%3A3030%2FopenData%2Fmusique2%3E%0AWHERE+%7B%0A%0AOPTIONAL+%7B%0A%3Fa+%3Chttp%3A%2F%2Fdbpedia.org%2Fproperty%2Ftown%3E+%3Fv0+.%0A%7D%0A%7D+OFFSET+0+LIMIT+1000
14:19:25 INFO  Fuseki               :: [38] Query = SELECT DISTINCT ?a ?v0  FROM <http://localhost:3030/openData/musique2> WHERE {  OPTIONAL { ?a <http://dbpedia.org/property/town> ?v0 . } } OFFSET 0 LIMIT 1000
14:19:25 INFO  Fuseki               :: [39] GET http://localhost:3030/openData/query?query=SELECT+DISTINCT+%3Fb+%3Fv0+%0AFROM+%3Chttp%3A%2F%2Flocalhost%3A3030%2FopenData%2Fliste_villes_dbpedia.ttl%3E%0AWHERE+%7B%0A%0AOPTIONAL+%7B%0A%3Fb+%3Chttp%3A%2F%2Fxmlns.com%2Ffoaf%2F0.1%2Fname%3E+%3Fv0+.%0A%7D%0A%7D+OFFSET+0+LIMIT+1000
14:19:25 INFO  Fuseki               :: [39] Query = SELECT DISTINCT ?b ?v0  FROM <http://localhost:3030/openData/liste_villes_dbpedia.ttl> WHERE {  OPTIONAL { ?b <http://xmlns.com/foaf/0.1/name> ?v0 . } } OFFSET 0 LIMIT 1000
14:19:25 INFO  Fuseki               :: [38] exec/select
14:19:25 INFO  Fuseki               :: [38] 200 OK
14:19:25 INFO  Fuseki               :: [39] exec/select
14:19:25 INFO  Fuseki               :: [39] 200 OK
14:19:25 INFO  Fuseki               :: [40] GET http://localhost:3030/openData/query?query=SELECT+DISTINCT+%3Fb+%3Fv0+%0AFROM+%3Chttp%3A%2F%2Flocalhost%3A3030%2FopenData%2Fliste_villes_dbpedia.ttl%3E%0AWHERE+%7B%0A%0AOPTIONAL+%7B%0A%3Fb+%3Chttp%3A%2F%2Fxmlns.com%2Ffoaf%2F0.1%2Fname%3E+%3Fv0+.%0A%7D%0A%7D+OFFSET+1000+LIMIT+1000
14:19:25 INFO  Fuseki               :: [40] Query = SELECT DISTINCT ?b ?v0  FROM <http://localhost:3030/openData/liste_villes_dbpedia.ttl> WHERE {  OPTIONAL { ?b <http://xmlns.com/foaf/0.1/name> ?v0 . } } OFFSET 1000 LIMIT 1000
14:19:25 INFO  Fuseki               :: [40] exec/select
14:19:25 INFO  Fuseki               :: [40] 200 OK
14:19:25 INFO  Fuseki               :: [41] GET http://localhost:3030/openData/query?query=SELECT+DISTINCT+%3Fa+%3Fv0+%0AFROM+%3Chttp%3A%2F%2Flocalhost%3A3030%2FopenData%2Fjardin_familiaux%3E%0AWHERE+%7B%0A%0AOPTIONAL+%7B%0A%3Fa+%3Chttp%3A%2F%2Fdbpedia.org%2Fproperty%2Ftown%3E+%3Fv0+.%0A%7D%0A%7D+OFFSET+0+LIMIT+1000
14:19:25 INFO  Fuseki               :: [41] Query = SELECT DISTINCT ?a ?v0  FROM <http://localhost:3030/openData/jardin_familiaux> WHERE {  OPTIONAL { ?a <http://dbpedia.org/property/town> ?v0 . } } OFFSET 0 LIMIT 1000
14:19:25 INFO  Fuseki               :: [42] GET http://localhost:3030/openData/query?query=SELECT+DISTINCT+%3Fb+%3Fv0+%0AFROM+%3Chttp%3A%2F%2Flocalhost%3A3030%2FopenData%2Fliste_villes_dbpedia.ttl%3E%0AWHERE+%7B%0A%0AOPTIONAL+%7B%0A%3Fb+%3Chttp%3A%2F%2Fxmlns.com%2Ffoaf%2F0.1%2Fname%3E+%3Fv0+.%0A%7D%0A%7D+OFFSET+0+LIMIT+1000
14:19:25 INFO  Fuseki               :: [41] exec/select
14:19:25 INFO  Fuseki               :: [42] Query = SELECT DISTINCT ?b ?v0  FROM <http://localhost:3030/openData/liste_villes_dbpedia.ttl> WHERE {  OPTIONAL { ?b <http://xmlns.com/foaf/0.1/name> ?v0 . } } OFFSET 0 LIMIT 1000
14:19:25 INFO  Fuseki               :: [41] 200 OK
14:19:25 INFO  Fuseki               :: [42] exec/select
14:19:25 INFO  Fuseki               :: [42] 200 OK
14:19:25 INFO  Fuseki               :: [43] GET http://localhost:3030/openData/query?query=SELECT+DISTINCT+%3Fb+%3Fv0+%0AFROM+%3Chttp%3A%2F%2Flocalhost%3A3030%2FopenData%2Fliste_villes_dbpedia.ttl%3E%0AWHERE+%7B%0A%0AOPTIONAL+%7B%0A%3Fb+%3Chttp%3A%2F%2Fxmlns.com%2Ffoaf%2F0.1%2Fname%3E+%3Fv0+.%0A%7D%0A%7D+OFFSET+1000+LIMIT+1000
14:19:25 INFO  Fuseki               :: [43] Query = SELECT DISTINCT ?b ?v0  FROM <http://localhost:3030/openData/liste_villes_dbpedia.ttl> WHERE {  OPTIONAL { ?b <http://xmlns.com/foaf/0.1/name> ?v0 . } } OFFSET 1000 LIMIT 1000
14:19:25 INFO  Fuseki               :: [43] exec/select
14:19:25 INFO  Fuseki               :: [43] 200 OK
14:19:25 INFO  Fuseki               :: [44] GET http://localhost:3030/openData/query?query=SELECT+DISTINCT+%3Fa+%3Fv0+%0AFROM+%3Chttp%3A%2F%2Flocalhost%3A3030%2FopenData%2Fmusique1%3E%0AWHERE+%7B%0A%0AOPTIONAL+%7B%0A%3Fa+%3Chttp%3A%2F%2Fdbpedia.org%2Fproperty%2Ftown%3E+%3Fv0+.%0A%7D%0A%7D+OFFSET+0+LIMIT+1000
14:19:25 INFO  Fuseki               :: [45] GET http://localhost:3030/openData/query?query=SELECT+DISTINCT+%3Fb+%3Fv0+%0AFROM+%3Chttp%3A%2F%2Flocalhost%3A3030%2FopenData%2Fliste_villes_dbpedia.ttl%3E%0AWHERE+%7B%0A%0AOPTIONAL+%7B%0A%3Fb+%3Chttp%3A%2F%2Fxmlns.com%2Ffoaf%2F0.1%2Fname%3E+%3Fv0+.%0A%7D%0A%7D+OFFSET+0+LIMIT+1000
14:19:25 INFO  Fuseki               :: [44] Query = SELECT DISTINCT ?a ?v0  FROM <http://localhost:3030/openData/musique1> WHERE {  OPTIONAL { ?a <http://dbpedia.org/property/town> ?v0 . } } OFFSET 0 LIMIT 1000
14:19:25 INFO  Fuseki               :: [45] Query = SELECT DISTINCT ?b ?v0  FROM <http://localhost:3030/openData/liste_villes_dbpedia.ttl> WHERE {  OPTIONAL { ?b <http://xmlns.com/foaf/0.1/name> ?v0 . } } OFFSET 0 LIMIT 1000
14:19:25 INFO  Fuseki               :: [44] exec/select
14:19:25 INFO  Fuseki               :: [45] exec/select
14:19:25 INFO  Fuseki               :: [44] 200 OK
14:19:25 INFO  Fuseki               :: [45] 200 OK
14:19:25 INFO  Fuseki               :: [46] GET http://localhost:3030/openData/query?query=SELECT+DISTINCT+%3Fb+%3Fv0+%0AFROM+%3Chttp%3A%2F%2Flocalhost%3A3030%2FopenData%2Fliste_villes_dbpedia.ttl%3E%0AWHERE+%7B%0A%0AOPTIONAL+%7B%0A%3Fb+%3Chttp%3A%2F%2Fxmlns.com%2Ffoaf%2F0.1%2Fname%3E+%3Fv0+.%0A%7D%0A%7D+OFFSET+1000+LIMIT+1000
14:19:25 INFO  Fuseki               :: [46] Query = SELECT DISTINCT ?b ?v0  FROM <http://localhost:3030/openData/liste_villes_dbpedia.ttl> WHERE {  OPTIONAL { ?b <http://xmlns.com/foaf/0.1/name> ?v0 . } } OFFSET 1000 LIMIT 1000
14:19:25 INFO  Fuseki               :: [46] exec/select
14:19:25 INFO  Fuseki               :: [46] 200 OK
14:19:26 INFO  Fuseki               :: [47] GET http://localhost:3030/openData/query?query=SELECT+DISTINCT+%3Fa+%3Fv0+%0AFROM+%3Chttp%3A%2F%2Flocalhost%3A3030%2FopenData%2Fenseignement%3E%0AWHERE+%7B%0A%0AOPTIONAL+%7B%0A%3Fa+%3Chttp%3A%2F%2Fdbpedia.org%2Fproperty%2Ftown%3E+%3Fv0+.%0A%7D%0A%7D+OFFSET+0+LIMIT+1000
14:19:26 INFO  Fuseki               :: [47] Query = SELECT DISTINCT ?a ?v0  FROM <http://localhost:3030/openData/enseignement> WHERE {  OPTIONAL { ?a <http://dbpedia.org/property/town> ?v0 . } } OFFSET 0 LIMIT 1000
14:19:26 INFO  Fuseki               :: [48] GET http://localhost:3030/openData/query?query=SELECT+DISTINCT+%3Fb+%3Fv0+%0AFROM+%3Chttp%3A%2F%2Flocalhost%3A3030%2FopenData%2Fliste_villes_dbpedia.ttl%3E%0AWHERE+%7B%0A%0AOPTIONAL+%7B%0A%3Fb+%3Chttp%3A%2F%2Fxmlns.com%2Ffoaf%2F0.1%2Fname%3E+%3Fv0+.%0A%7D%0A%7D+OFFSET+0+LIMIT+1000
14:19:26 INFO  Fuseki               :: [48] Query = SELECT DISTINCT ?b ?v0  FROM <http://localhost:3030/openData/liste_villes_dbpedia.ttl> WHERE {  OPTIONAL { ?b <http://xmlns.com/foaf/0.1/name> ?v0 . } } OFFSET 0 LIMIT 1000
14:19:26 INFO  Fuseki               :: [47] exec/select
14:19:26 INFO  Fuseki               :: [48] exec/select
14:19:26 INFO  Fuseki               :: [47] 200 OK
14:19:26 INFO  Fuseki               :: [48] 200 OK
14:19:26 INFO  Fuseki               :: [49] GET http://localhost:3030/openData/query?query=SELECT+DISTINCT+%3Fb+%3Fv0+%0AFROM+%3Chttp%3A%2F%2Flocalhost%3A3030%2FopenData%2Fliste_villes_dbpedia.ttl%3E%0AWHERE+%7B%0A%0AOPTIONAL+%7B%0A%3Fb+%3Chttp%3A%2F%2Fxmlns.com%2Ffoaf%2F0.1%2Fname%3E+%3Fv0+.%0A%7D%0A%7D+OFFSET+1000+LIMIT+1000
14:19:26 INFO  Fuseki               :: [49] Query = SELECT DISTINCT ?b ?v0  FROM <http://localhost:3030/openData/liste_villes_dbpedia.ttl> WHERE {  OPTIONAL { ?b <http://xmlns.com/foaf/0.1/name> ?v0 . } } OFFSET 1000 LIMIT 1000
14:19:26 INFO  Fuseki               :: [49] exec/select
14:19:26 INFO  Fuseki               :: [49] 200 OK
14:19:26 INFO  Fuseki               :: [50] GET http://localhost:3030/openData/query?query=SELECT+DISTINCT+%3Fa+%3Fv0+%0AFROM+%3Chttp%3A%2F%2Flocalhost%3A3030%2FopenData%2Fmusique3%3E%0AWHERE+%7B%0A%0AOPTIONAL+%7B%0A%3Fa+%3Chttp%3A%2F%2Fdbpedia.org%2Fproperty%2Ftown%3E+%3Fv0+.%0A%7D%0A%7D+OFFSET+0+LIMIT+1000
14:19:26 INFO  Fuseki               :: [51] GET http://localhost:3030/openData/query?query=SELECT+DISTINCT+%3Fb+%3Fv0+%0AFROM+%3Chttp%3A%2F%2Flocalhost%3A3030%2FopenData%2Fliste_villes_dbpedia.ttl%3E%0AWHERE+%7B%0A%0AOPTIONAL+%7B%0A%3Fb+%3Chttp%3A%2F%2Fxmlns.com%2Ffoaf%2F0.1%2Fname%3E+%3Fv0+.%0A%7D%0A%7D+OFFSET+0+LIMIT+1000
14:19:26 INFO  Fuseki               :: [50] Query = SELECT DISTINCT ?a ?v0  FROM <http://localhost:3030/openData/musique3> WHERE {  OPTIONAL { ?a <http://dbpedia.org/property/town> ?v0 . } } OFFSET 0 LIMIT 1000
14:19:26 INFO  Fuseki               :: [51] Query = SELECT DISTINCT ?b ?v0  FROM <http://localhost:3030/openData/liste_villes_dbpedia.ttl> WHERE {  OPTIONAL { ?b <http://xmlns.com/foaf/0.1/name> ?v0 . } } OFFSET 0 LIMIT 1000
14:19:26 INFO  Fuseki               :: [50] exec/select
14:19:26 INFO  Fuseki               :: [51] exec/select
14:19:26 INFO  Fuseki               :: [50] 200 OK
14:19:26 INFO  Fuseki               :: [51] 200 OK
14:19:26 INFO  Fuseki               :: [52] GET http://localhost:3030/openData/query?query=SELECT+DISTINCT+%3Fb+%3Fv0+%0AFROM+%3Chttp%3A%2F%2Flocalhost%3A3030%2FopenData%2Fliste_villes_dbpedia.ttl%3E%0AWHERE+%7B%0A%0AOPTIONAL+%7B%0A%3Fb+%3Chttp%3A%2F%2Fxmlns.com%2Ffoaf%2F0.1%2Fname%3E+%3Fv0+.%0A%7D%0A%7D+OFFSET+1000+LIMIT+1000
14:19:26 INFO  Fuseki               :: [52] Query = SELECT DISTINCT ?b ?v0  FROM <http://localhost:3030/openData/liste_villes_dbpedia.ttl> WHERE {  OPTIONAL { ?b <http://xmlns.com/foaf/0.1/name> ?v0 . } } OFFSET 1000 LIMIT 1000
14:19:26 INFO  Fuseki               :: [52] exec/select
14:19:26 INFO  Fuseki               :: [52] 200 OK
14:19:26 INFO  Fuseki               :: [53] GET http://localhost:3030/openData/query?query=SELECT+DISTINCT+%3Fa+%3Fv0+%0AFROM+%3Chttp%3A%2F%2Flocalhost%3A3030%2FopenData%2Fplage%3E%0AWHERE+%7B%0A%0AOPTIONAL+%7B%0A%3Fa+%3Chttp%3A%2F%2Fdbpedia.org%2Fproperty%2Ftown%3E+%3Fv0+.%0A%7D%0A%7D+OFFSET+0+LIMIT+1000
14:19:26 INFO  Fuseki               :: [54] GET http://localhost:3030/openData/query?query=SELECT+DISTINCT+%3Fb+%3Fv0+%0AFROM+%3Chttp%3A%2F%2Flocalhost%3A3030%2FopenData%2Fliste_villes_dbpedia.ttl%3E%0AWHERE+%7B%0A%0AOPTIONAL+%7B%0A%3Fb+%3Chttp%3A%2F%2Fxmlns.com%2Ffoaf%2F0.1%2Fname%3E+%3Fv0+.%0A%7D%0A%7D+OFFSET+0+LIMIT+1000
14:19:26 INFO  Fuseki               :: [53] Query = SELECT DISTINCT ?a ?v0  FROM <http://localhost:3030/openData/plage> WHERE {  OPTIONAL { ?a <http://dbpedia.org/property/town> ?v0 . } } OFFSET 0 LIMIT 1000
14:19:26 INFO  Fuseki               :: [54] Query = SELECT DISTINCT ?b ?v0  FROM <http://localhost:3030/openData/liste_villes_dbpedia.ttl> WHERE {  OPTIONAL { ?b <http://xmlns.com/foaf/0.1/name> ?v0 . } } OFFSET 0 LIMIT 1000
14:19:26 INFO  Fuseki               :: [53] exec/select
14:19:26 INFO  Fuseki               :: [54] exec/select
14:19:26 INFO  Fuseki               :: [53] 200 OK
14:19:26 INFO  Fuseki               :: [54] 200 OK
14:19:26 INFO  Fuseki               :: [55] GET http://localhost:3030/openData/query?query=SELECT+DISTINCT+%3Fb+%3Fv0+%0AFROM+%3Chttp%3A%2F%2Flocalhost%3A3030%2FopenData%2Fliste_villes_dbpedia.ttl%3E%0AWHERE+%7B%0A%0AOPTIONAL+%7B%0A%3Fb+%3Chttp%3A%2F%2Fxmlns.com%2Ffoaf%2F0.1%2Fname%3E+%3Fv0+.%0A%7D%0A%7D+OFFSET+1000+LIMIT+1000
14:19:26 INFO  Fuseki               :: [55] Query = SELECT DISTINCT ?b ?v0  FROM <http://localhost:3030/openData/liste_villes_dbpedia.ttl> WHERE {  OPTIONAL { ?b <http://xmlns.com/foaf/0.1/name> ?v0 . } } OFFSET 1000 LIMIT 1000
14:19:26 INFO  Fuseki               :: [55] exec/select
14:19:26 INFO  Fuseki               :: [55] 200 OK
14:19:27 INFO  Fuseki               :: [56] GET http://localhost:3030/openData/query?query=SELECT+DISTINCT+%3Fa+%3Fv0+%0AFROM+%3Chttp%3A%2F%2Flocalhost%3A3030%2FopenData%2Fservice_public%3E%0AWHERE+%7B%0A%0AOPTIONAL+%7B%0A%3Fa+%3Chttp%3A%2F%2Fdbpedia.org%2Fproperty%2Ftown%3E+%3Fv0+.%0A%7D%0A%7D+OFFSET+0+LIMIT+1000
14:19:27 INFO  Fuseki               :: [56] Query = SELECT DISTINCT ?a ?v0  FROM <http://localhost:3030/openData/service_public> WHERE {  OPTIONAL { ?a <http://dbpedia.org/property/town> ?v0 . } } OFFSET 0 LIMIT 1000
14:19:27 INFO  Fuseki               :: [57] GET http://localhost:3030/openData/query?query=SELECT+DISTINCT+%3Fb+%3Fv0+%0AFROM+%3Chttp%3A%2F%2Flocalhost%3A3030%2FopenData%2Fliste_villes_dbpedia.ttl%3E%0AWHERE+%7B%0A%0AOPTIONAL+%7B%0A%3Fb+%3Chttp%3A%2F%2Fxmlns.com%2Ffoaf%2F0.1%2Fname%3E+%3Fv0+.%0A%7D%0A%7D+OFFSET+0+LIMIT+1000
14:19:27 INFO  Fuseki               :: [57] Query = SELECT DISTINCT ?b ?v0  FROM <http://localhost:3030/openData/liste_villes_dbpedia.ttl> WHERE {  OPTIONAL { ?b <http://xmlns.com/foaf/0.1/name> ?v0 . } } OFFSET 0 LIMIT 1000
14:19:27 INFO  Fuseki               :: [56] exec/select
14:19:27 INFO  Fuseki               :: [57] exec/select
14:19:27 INFO  Fuseki               :: [56] 200 OK
14:19:27 INFO  Fuseki               :: [57] 200 OK
14:19:27 INFO  Fuseki               :: [58] GET http://localhost:3030/openData/query?query=SELECT+DISTINCT+%3Fb+%3Fv0+%0AFROM+%3Chttp%3A%2F%2Flocalhost%3A3030%2FopenData%2Fliste_villes_dbpedia.ttl%3E%0AWHERE+%7B%0A%0AOPTIONAL+%7B%0A%3Fb+%3Chttp%3A%2F%2Fxmlns.com%2Ffoaf%2F0.1%2Fname%3E+%3Fv0+.%0A%7D%0A%7D+OFFSET+1000+LIMIT+1000
14:19:27 INFO  Fuseki               :: [58] Query = SELECT DISTINCT ?b ?v0  FROM <http://localhost:3030/openData/liste_villes_dbpedia.ttl> WHERE {  OPTIONAL { ?b <http://xmlns.com/foaf/0.1/name> ?v0 . } } OFFSET 1000 LIMIT 1000
14:19:27 INFO  Fuseki               :: [58] exec/select
14:19:27 INFO  Fuseki               :: [58] 200 OK
14:19:27 INFO  Fuseki               :: [59] GET http://localhost:3030/openData/query?query=SELECT+DISTINCT+%3Fa+%3Fv0+%0AFROM+%3Chttp%3A%2F%2Flocalhost%3A3030%2FopenData%2Fcites%3E%0AWHERE+%7B%0A%0AOPTIONAL+%7B%0A%3Fa+%3Chttp%3A%2F%2Fdbpedia.org%2Fproperty%2Finsee%3E+%3Fv0+.%0A%7D%0A%7D+OFFSET+0+LIMIT+1000
14:19:27 INFO  Fuseki               :: [59] Query = SELECT DISTINCT ?a ?v0  FROM <http://localhost:3030/openData/cites> WHERE {  OPTIONAL { ?a <http://dbpedia.org/property/insee> ?v0 . } } OFFSET 0 LIMIT 1000
14:19:27 INFO  Fuseki               :: [60] GET http://localhost:3030/openData/query?query=SELECT+DISTINCT+%3Fb+%3Fv0+%0AFROM+%3Chttp%3A%2F%2Flocalhost%3A3030%2FopenData%2Fliste_villes_dbpedia.ttl%3E%0AWHERE+%7B%0A%0AOPTIONAL+%7B%0A%3Fb+%3Chttp%3A%2F%2Fdbpedia.org%2Fproperty%2Finsee%3E+%3Fv0+.%0A%7D%0A%7D+OFFSET+0+LIMIT+1000
14:19:27 INFO  Fuseki               :: [60] Query = SELECT DISTINCT ?b ?v0  FROM <http://localhost:3030/openData/liste_villes_dbpedia.ttl> WHERE {  OPTIONAL { ?b <http://dbpedia.org/property/insee> ?v0 . } } OFFSET 0 LIMIT 1000
14:19:27 INFO  Fuseki               :: [59] exec/select
14:19:27 INFO  Fuseki               :: [59] 200 OK
14:19:27 INFO  Fuseki               :: [60] exec/select
14:19:27 INFO  Fuseki               :: [60] 200 OK
14:19:27 INFO  Fuseki               :: [61] GET http://localhost:3030/openData/query?query=SELECT+DISTINCT+%3Fb+%3Fv0+%0AFROM+%3Chttp%3A%2F%2Flocalhost%3A3030%2FopenData%2Fliste_villes_dbpedia.ttl%3E%0AWHERE+%7B%0A%0AOPTIONAL+%7B%0A%3Fb+%3Chttp%3A%2F%2Fdbpedia.org%2Fproperty%2Finsee%3E+%3Fv0+.%0A%7D%0A%7D+OFFSET+1000+LIMIT+1000
14:19:27 INFO  Fuseki               :: [61] Query = SELECT DISTINCT ?b ?v0  FROM <http://localhost:3030/openData/liste_villes_dbpedia.ttl> WHERE {  OPTIONAL { ?b <http://dbpedia.org/property/insee> ?v0 . } } OFFSET 1000 LIMIT 1000
14:19:27 INFO  Fuseki               :: [61] exec/select
14:19:27 INFO  Fuseki               :: [61] 200 OK
14:19:27 INFO  Fuseki               :: [62] GET http://localhost:3030/openData/query?query=SELECT+DISTINCT+%3Fa+%3Fv0+%0AFROM+%3Chttp%3A%2F%2Flocalhost%3A3030%2FopenData%2Flieux_d_art%3E%0AWHERE+%7B%0A%0AOPTIONAL+%7B%0A%3Fa+%3Chttp%3A%2F%2Fdbpedia.org%2Fproperty%2Finsee%3E+%3Fv0+.%0A%7D%0A%7D+OFFSET+0+LIMIT+1000
14:19:27 INFO  Fuseki               :: [62] Query = SELECT DISTINCT ?a ?v0  FROM <http://localhost:3030/openData/lieux_d_art> WHERE {  OPTIONAL { ?a <http://dbpedia.org/property/insee> ?v0 . } } OFFSET 0 LIMIT 1000
14:19:27 INFO  Fuseki               :: [63] GET http://localhost:3030/openData/query?query=SELECT+DISTINCT+%3Fb+%3Fv0+%0AFROM+%3Chttp%3A%2F%2Flocalhost%3A3030%2FopenData%2Fliste_villes_dbpedia.ttl%3E%0AWHERE+%7B%0A%0AOPTIONAL+%7B%0A%3Fb+%3Chttp%3A%2F%2Fdbpedia.org%2Fproperty%2Finsee%3E+%3Fv0+.%0A%7D%0A%7D+OFFSET+0+LIMIT+1000
14:19:27 INFO  Fuseki               :: [63] Query = SELECT DISTINCT ?b ?v0  FROM <http://localhost:3030/openData/liste_villes_dbpedia.ttl> WHERE {  OPTIONAL { ?b <http://dbpedia.org/property/insee> ?v0 . } } OFFSET 0 LIMIT 1000
14:19:27 INFO  Fuseki               :: [62] exec/select
14:19:27 INFO  Fuseki               :: [63] exec/select
14:19:27 INFO  Fuseki               :: [62] 200 OK
14:19:27 INFO  Fuseki               :: [63] 200 OK
14:19:27 INFO  Fuseki               :: [64] GET http://localhost:3030/openData/query?query=SELECT+DISTINCT+%3Fb+%3Fv0+%0AFROM+%3Chttp%3A%2F%2Flocalhost%3A3030%2FopenData%2Fliste_villes_dbpedia.ttl%3E%0AWHERE+%7B%0A%0AOPTIONAL+%7B%0A%3Fb+%3Chttp%3A%2F%2Fdbpedia.org%2Fproperty%2Finsee%3E+%3Fv0+.%0A%7D%0A%7D+OFFSET+1000+LIMIT+1000
14:19:27 INFO  Fuseki               :: [64] Query = SELECT DISTINCT ?b ?v0  FROM <http://localhost:3030/openData/liste_villes_dbpedia.ttl> WHERE {  OPTIONAL { ?b <http://dbpedia.org/property/insee> ?v0 . } } OFFSET 1000 LIMIT 1000
14:19:27 INFO  Fuseki               :: [64] exec/select
14:19:27 INFO  Fuseki               :: [64] 200 OK
14:19:28 INFO  Fuseki               :: [65] GET http://localhost:3030/openData/query?query=SELECT+DISTINCT+%3Fa+%3Fv0+%0AFROM+%3Chttp%3A%2F%2Flocalhost%3A3030%2FopenData%2FLibrairies%3E%0AWHERE+%7B%0A%0AOPTIONAL+%7B%0A%3Fa+%3Chttp%3A%2F%2Fdbpedia.org%2Fproperty%2Finsee%3E+%3Fv0+.%0A%7D%0A%7D+OFFSET+0+LIMIT+1000
14:19:28 INFO  Fuseki               :: [66] GET http://localhost:3030/openData/query?query=SELECT+DISTINCT+%3Fb+%3Fv0+%0AFROM+%3Chttp%3A%2F%2Flocalhost%3A3030%2FopenData%2Fliste_villes_dbpedia.ttl%3E%0AWHERE+%7B%0A%0AOPTIONAL+%7B%0A%3Fb+%3Chttp%3A%2F%2Fdbpedia.org%2Fproperty%2Finsee%3E+%3Fv0+.%0A%7D%0A%7D+OFFSET+0+LIMIT+1000
14:19:28 INFO  Fuseki               :: [65] Query = SELECT DISTINCT ?a ?v0  FROM <http://localhost:3030/openData/Librairies> WHERE {  OPTIONAL { ?a <http://dbpedia.org/property/insee> ?v0 . } } OFFSET 0 LIMIT 1000
14:19:28 INFO  Fuseki               :: [66] Query = SELECT DISTINCT ?b ?v0  FROM <http://localhost:3030/openData/liste_villes_dbpedia.ttl> WHERE {  OPTIONAL { ?b <http://dbpedia.org/property/insee> ?v0 . } } OFFSET 0 LIMIT 1000
14:19:28 INFO  Fuseki               :: [65] exec/select
14:19:28 INFO  Fuseki               :: [66] exec/select
14:19:28 INFO  Fuseki               :: [65] 200 OK
14:19:28 INFO  Fuseki               :: [66] 200 OK
14:19:28 INFO  Fuseki               :: [67] GET http://localhost:3030/openData/query?query=SELECT+DISTINCT+%3Fb+%3Fv0+%0AFROM+%3Chttp%3A%2F%2Flocalhost%3A3030%2FopenData%2Fliste_villes_dbpedia.ttl%3E%0AWHERE+%7B%0A%0AOPTIONAL+%7B%0A%3Fb+%3Chttp%3A%2F%2Fdbpedia.org%2Fproperty%2Finsee%3E+%3Fv0+.%0A%7D%0A%7D+OFFSET+1000+LIMIT+1000
14:19:28 INFO  Fuseki               :: [67] Query = SELECT DISTINCT ?b ?v0  FROM <http://localhost:3030/openData/liste_villes_dbpedia.ttl> WHERE {  OPTIONAL { ?b <http://dbpedia.org/property/insee> ?v0 . } } OFFSET 1000 LIMIT 1000
14:19:28 INFO  Fuseki               :: [67] exec/select
14:19:28 INFO  Fuseki               :: [67] 200 OK
14:19:28 INFO  Fuseki               :: [68] GET http://localhost:3030/openData/query?query=SELECT+DISTINCT+%3Fa+%3Fv0+%0AFROM+%3Chttp%3A%2F%2Flocalhost%3A3030%2FopenData%2Fcollege_prive%3E%0AWHERE+%7B%0A%0AOPTIONAL+%7B%0A%3Fa+%3Chttp%3A%2F%2Fdbpedia.org%2Fproperty%2Ftown%3E+%3Fv0+.%0A%7D%0A%7D+OFFSET+0+LIMIT+1000
14:19:28 INFO  Fuseki               :: [68] Query = SELECT DISTINCT ?a ?v0  FROM <http://localhost:3030/openData/college_prive> WHERE {  OPTIONAL { ?a <http://dbpedia.org/property/town> ?v0 . } } OFFSET 0 LIMIT 1000
14:19:28 INFO  Fuseki               :: [69] GET http://localhost:3030/openData/query?query=SELECT+DISTINCT+%3Fb+%3Fv0+%0AFROM+%3Chttp%3A%2F%2Flocalhost%3A3030%2FopenData%2Fliste_villes_dbpedia.ttl%3E%0AWHERE+%7B%0A%0AOPTIONAL+%7B%0A%3Fb+%3Chttp%3A%2F%2Fxmlns.com%2Ffoaf%2F0.1%2Fname%3E+%3Fv0+.%0A%7D%0A%7D+OFFSET+0+LIMIT+1000
14:19:28 INFO  Fuseki               :: [69] Query = SELECT DISTINCT ?b ?v0  FROM <http://localhost:3030/openData/liste_villes_dbpedia.ttl> WHERE {  OPTIONAL { ?b <http://xmlns.com/foaf/0.1/name> ?v0 . } } OFFSET 0 LIMIT 1000
14:19:28 INFO  Fuseki               :: [68] exec/select
14:19:28 INFO  Fuseki               :: [69] exec/select
14:19:28 INFO  Fuseki               :: [68] 200 OK
14:19:28 INFO  Fuseki               :: [69] 200 OK
14:19:28 INFO  Fuseki               :: [70] GET http://localhost:3030/openData/query?query=SELECT+DISTINCT+%3Fb+%3Fv0+%0AFROM+%3Chttp%3A%2F%2Flocalhost%3A3030%2FopenData%2Fliste_villes_dbpedia.ttl%3E%0AWHERE+%7B%0A%0AOPTIONAL+%7B%0A%3Fb+%3Chttp%3A%2F%2Fxmlns.com%2Ffoaf%2F0.1%2Fname%3E+%3Fv0+.%0A%7D%0A%7D+OFFSET+1000+LIMIT+1000
14:19:28 INFO  Fuseki               :: [70] Query = SELECT DISTINCT ?b ?v0  FROM <http://localhost:3030/openData/liste_villes_dbpedia.ttl> WHERE {  OPTIONAL { ?b <http://xmlns.com/foaf/0.1/name> ?v0 . } } OFFSET 1000 LIMIT 1000
14:19:28 INFO  Fuseki               :: [70] exec/select
14:19:28 INFO  Fuseki               :: [70] 200 OK
14:19:28 INFO  Fuseki               :: [71] GET http://localhost:3030/openData/query?query=SELECT+DISTINCT+%3Fa+%3Fv0+%0AFROM+%3Chttp%3A%2F%2Flocalhost%3A3030%2FopenData%2Faction_sociale%3E%0AWHERE+%7B%0A%0AOPTIONAL+%7B%0A%3Fa+%3Chttp%3A%2F%2Fdbpedia.org%2Fproperty%2Ftown%3E+%3Fv0+.%0A%7D%0A%7D+OFFSET+0+LIMIT+1000
14:19:28 INFO  Fuseki               :: [71] Query = SELECT DISTINCT ?a ?v0  FROM <http://localhost:3030/openData/action_sociale> WHERE {  OPTIONAL { ?a <http://dbpedia.org/property/town> ?v0 . } } OFFSET 0 LIMIT 1000
14:19:28 INFO  Fuseki               :: [72] GET http://localhost:3030/openData/query?query=SELECT+DISTINCT+%3Fb+%3Fv0+%0AFROM+%3Chttp%3A%2F%2Flocalhost%3A3030%2FopenData%2Fliste_villes_dbpedia.ttl%3E%0AWHERE+%7B%0A%0AOPTIONAL+%7B%0A%3Fb+%3Chttp%3A%2F%2Fxmlns.com%2Ffoaf%2F0.1%2Fname%3E+%3Fv0+.%0A%7D%0A%7D+OFFSET+0+LIMIT+1000
14:19:28 INFO  Fuseki               :: [72] Query = SELECT DISTINCT ?b ?v0  FROM <http://localhost:3030/openData/liste_villes_dbpedia.ttl> WHERE {  OPTIONAL { ?b <http://xmlns.com/foaf/0.1/name> ?v0 . } } OFFSET 0 LIMIT 1000
14:19:28 INFO  Fuseki               :: [71] exec/select
14:19:28 INFO  Fuseki               :: [72] exec/select
14:19:28 INFO  Fuseki               :: [71] 200 OK
14:19:28 INFO  Fuseki               :: [72] 200 OK
14:19:28 INFO  Fuseki               :: [73] GET http://localhost:3030/openData/query?query=SELECT+DISTINCT+%3Fb+%3Fv0+%0AFROM+%3Chttp%3A%2F%2Flocalhost%3A3030%2FopenData%2Fliste_villes_dbpedia.ttl%3E%0AWHERE+%7B%0A%0AOPTIONAL+%7B%0A%3Fb+%3Chttp%3A%2F%2Fxmlns.com%2Ffoaf%2F0.1%2Fname%3E+%3Fv0+.%0A%7D%0A%7D+OFFSET+1000+LIMIT+1000
14:19:28 INFO  Fuseki               :: [73] Query = SELECT DISTINCT ?b ?v0  FROM <http://localhost:3030/openData/liste_villes_dbpedia.ttl> WHERE {  OPTIONAL { ?b <http://xmlns.com/foaf/0.1/name> ?v0 . } } OFFSET 1000 LIMIT 1000
14:19:28 INFO  Fuseki               :: [73] exec/select
14:19:28 INFO  Fuseki               :: [73] 200 OK
14:19:28 INFO  Fuseki               :: [75] GET http://localhost:3030/openData/query?query=SELECT+DISTINCT+%3Fa+%3Fv0+%0AFROM+%3Chttp%3A%2F%2Flocalhost%3A3030%2FopenData%2Fvie_sociale%3E%0AWHERE+%7B%0A%0AOPTIONAL+%7B%0A%3Fa+%3Chttp%3A%2F%2Fdbpedia.org%2Fproperty%2Ftown%3E+%3Fv0+.%0A%7D%0A%7D+OFFSET+0+LIMIT+1000
14:19:28 INFO  Fuseki               :: [74] GET http://localhost:3030/openData/query?query=SELECT+DISTINCT+%3Fb+%3Fv0+%0AFROM+%3Chttp%3A%2F%2Flocalhost%3A3030%2FopenData%2Fliste_villes_dbpedia.ttl%3E%0AWHERE+%7B%0A%0AOPTIONAL+%7B%0A%3Fb+%3Chttp%3A%2F%2Fxmlns.com%2Ffoaf%2F0.1%2Fname%3E+%3Fv0+.%0A%7D%0A%7D+OFFSET+0+LIMIT+1000
14:19:28 INFO  Fuseki               :: [75] Query = SELECT DISTINCT ?a ?v0  FROM <http://localhost:3030/openData/vie_sociale> WHERE {  OPTIONAL { ?a <http://dbpedia.org/property/town> ?v0 . } } OFFSET 0 LIMIT 1000
14:19:28 INFO  Fuseki               :: [74] Query = SELECT DISTINCT ?b ?v0  FROM <http://localhost:3030/openData/liste_villes_dbpedia.ttl> WHERE {  OPTIONAL { ?b <http://xmlns.com/foaf/0.1/name> ?v0 . } } OFFSET 0 LIMIT 1000
14:19:28 INFO  Fuseki               :: [75] exec/select
14:19:28 INFO  Fuseki               :: [74] exec/select
14:19:28 INFO  Fuseki               :: [75] 200 OK
14:19:28 INFO  Fuseki               :: [74] 200 OK
14:19:29 INFO  Fuseki               :: [76] GET http://localhost:3030/openData/query?query=SELECT+DISTINCT+%3Fb+%3Fv0+%0AFROM+%3Chttp%3A%2F%2Flocalhost%3A3030%2FopenData%2Fliste_villes_dbpedia.ttl%3E%0AWHERE+%7B%0A%0AOPTIONAL+%7B%0A%3Fb+%3Chttp%3A%2F%2Fxmlns.com%2Ffoaf%2F0.1%2Fname%3E+%3Fv0+.%0A%7D%0A%7D+OFFSET+1000+LIMIT+1000
14:19:29 INFO  Fuseki               :: [76] Query = SELECT DISTINCT ?b ?v0  FROM <http://localhost:3030/openData/liste_villes_dbpedia.ttl> WHERE {  OPTIONAL { ?b <http://xmlns.com/foaf/0.1/name> ?v0 . } } OFFSET 1000 LIMIT 1000
14:19:29 INFO  Fuseki               :: [76] exec/select
14:19:29 INFO  Fuseki               :: [76] 200 OK
14:19:29 INFO  Fuseki               :: [77] GET http://localhost:3030/openData/query?query=SELECT+DISTINCT+%3Fa+%3Fv0+%0AFROM+%3Chttp%3A%2F%2Flocalhost%3A3030%2FopenData%2Fequipement_culture%3E%0AWHERE+%7B%0A%0AOPTIONAL+%7B%0A%3Fa+%3Chttp%3A%2F%2Fdbpedia.org%2Fproperty%2Ftown%3E+%3Fv0+.%0A%7D%0A%7D+OFFSET+0+LIMIT+1000
14:19:29 INFO  Fuseki               :: [77] Query = SELECT DISTINCT ?a ?v0  FROM <http://localhost:3030/openData/equipement_culture> WHERE {  OPTIONAL { ?a <http://dbpedia.org/property/town> ?v0 . } } OFFSET 0 LIMIT 1000
14:19:29 INFO  Fuseki               :: [78] GET http://localhost:3030/openData/query?query=SELECT+DISTINCT+%3Fb+%3Fv0+%0AFROM+%3Chttp%3A%2F%2Flocalhost%3A3030%2FopenData%2Fliste_villes_dbpedia.ttl%3E%0AWHERE+%7B%0A%0AOPTIONAL+%7B%0A%3Fb+%3Chttp%3A%2F%2Fxmlns.com%2Ffoaf%2F0.1%2Fname%3E+%3Fv0+.%0A%7D%0A%7D+OFFSET+0+LIMIT+1000
14:19:29 INFO  Fuseki               :: [78] Query = SELECT DISTINCT ?b ?v0  FROM <http://localhost:3030/openData/liste_villes_dbpedia.ttl> WHERE {  OPTIONAL { ?b <http://xmlns.com/foaf/0.1/name> ?v0 . } } OFFSET 0 LIMIT 1000
14:19:29 INFO  Fuseki               :: [77] exec/select
14:19:29 INFO  Fuseki               :: [78] exec/select
14:19:29 INFO  Fuseki               :: [77] 200 OK
14:19:29 INFO  Fuseki               :: [78] 200 OK
14:19:29 INFO  Fuseki               :: [79] GET http://localhost:3030/openData/query?query=SELECT+DISTINCT+%3Fb+%3Fv0+%0AFROM+%3Chttp%3A%2F%2Flocalhost%3A3030%2FopenData%2Fliste_villes_dbpedia.ttl%3E%0AWHERE+%7B%0A%0AOPTIONAL+%7B%0A%3Fb+%3Chttp%3A%2F%2Fxmlns.com%2Ffoaf%2F0.1%2Fname%3E+%3Fv0+.%0A%7D%0A%7D+OFFSET+1000+LIMIT+1000
14:19:29 INFO  Fuseki               :: [79] Query = SELECT DISTINCT ?b ?v0  FROM <http://localhost:3030/openData/liste_villes_dbpedia.ttl> WHERE {  OPTIONAL { ?b <http://xmlns.com/foaf/0.1/name> ?v0 . } } OFFSET 1000 LIMIT 1000
14:19:29 INFO  Fuseki               :: [79] exec/select
14:19:29 INFO  Fuseki               :: [79] 200 OK
14:19:29 INFO  Fuseki               :: [80] GET http://localhost:3030/openData/query?query=SELECT+DISTINCT+%3Fa+%3Fv0+%0AFROM+%3Chttp%3A%2F%2Flocalhost%3A3030%2FopenData%2Fdecheteries%3E%0AWHERE+%7B%0A%0AOPTIONAL+%7B%0A%3Fa+%3Chttp%3A%2F%2Fdbpedia.org%2Fproperty%2Ftown%3E+%3Fv0+.%0A%7D%0A%7D+OFFSET+0+LIMIT+1000
14:19:29 INFO  Fuseki               :: [80] Query = SELECT DISTINCT ?a ?v0  FROM <http://localhost:3030/openData/decheteries> WHERE {  OPTIONAL { ?a <http://dbpedia.org/property/town> ?v0 . } } OFFSET 0 LIMIT 1000
14:19:29 INFO  Fuseki               :: [81] GET http://localhost:3030/openData/query?query=SELECT+DISTINCT+%3Fb+%3Fv0+%0AFROM+%3Chttp%3A%2F%2Flocalhost%3A3030%2FopenData%2Fliste_villes_dbpedia.ttl%3E%0AWHERE+%7B%0A%0AOPTIONAL+%7B%0A%3Fb+%3Chttp%3A%2F%2Fxmlns.com%2Ffoaf%2F0.1%2Fname%3E+%3Fv0+.%0A%7D%0A%7D+OFFSET+0+LIMIT+1000
14:19:29 INFO  Fuseki               :: [81] Query = SELECT DISTINCT ?b ?v0  FROM <http://localhost:3030/openData/liste_villes_dbpedia.ttl> WHERE {  OPTIONAL { ?b <http://xmlns.com/foaf/0.1/name> ?v0 . } } OFFSET 0 LIMIT 1000
14:19:29 INFO  Fuseki               :: [80] exec/select
14:19:29 INFO  Fuseki               :: [81] exec/select
14:19:29 INFO  Fuseki               :: [80] 200 OK
14:19:29 INFO  Fuseki               :: [81] 200 OK
14:19:29 INFO  Fuseki               :: [82] GET http://localhost:3030/openData/query?query=SELECT+DISTINCT+%3Fb+%3Fv0+%0AFROM+%3Chttp%3A%2F%2Flocalhost%3A3030%2FopenData%2Fliste_villes_dbpedia.ttl%3E%0AWHERE+%7B%0A%0AOPTIONAL+%7B%0A%3Fb+%3Chttp%3A%2F%2Fxmlns.com%2Ffoaf%2F0.1%2Fname%3E+%3Fv0+.%0A%7D%0A%7D+OFFSET+1000+LIMIT+1000
14:19:29 INFO  Fuseki               :: [82] Query = SELECT DISTINCT ?b ?v0  FROM <http://localhost:3030/openData/liste_villes_dbpedia.ttl> WHERE {  OPTIONAL { ?b <http://xmlns.com/foaf/0.1/name> ?v0 . } } OFFSET 1000 LIMIT 1000
14:19:29 INFO  Fuseki               :: [82] exec/select
14:19:29 INFO  Fuseki               :: [82] 200 OK
14:19:29 INFO  Fuseki               :: [83] GET http://localhost:3030/openData/query?query=SELECT+DISTINCT+%3Fa+%3Fv0+%0AFROM+%3Chttp%3A%2F%2Flocalhost%3A3030%2FopenData%2FHotel%3E%0AWHERE+%7B%0A%0AOPTIONAL+%7B%0A%3Fa+%3Chttp%3A%2F%2Fdbpedia.org%2Fproperty%2Ftown%3E+%3Fv0+.%0A%7D%0A%7D+OFFSET+0+LIMIT+1000
14:19:29 INFO  Fuseki               :: [83] Query = SELECT DISTINCT ?a ?v0  FROM <http://localhost:3030/openData/Hotel> WHERE {  OPTIONAL { ?a <http://dbpedia.org/property/town> ?v0 . } } OFFSET 0 LIMIT 1000
14:19:29 INFO  Fuseki               :: [84] GET http://localhost:3030/openData/query?query=SELECT+DISTINCT+%3Fb+%3Fv0+%0AFROM+%3Chttp%3A%2F%2Flocalhost%3A3030%2FopenData%2Fliste_villes_dbpedia.ttl%3E%0AWHERE+%7B%0A%0AOPTIONAL+%7B%0A%3Fb+%3Chttp%3A%2F%2Fxmlns.com%2Ffoaf%2F0.1%2Fname%3E+%3Fv0+.%0A%7D%0A%7D+OFFSET+0+LIMIT+1000
14:19:29 INFO  Fuseki               :: [84] Query = SELECT DISTINCT ?b ?v0  FROM <http://localhost:3030/openData/liste_villes_dbpedia.ttl> WHERE {  OPTIONAL { ?b <http://xmlns.com/foaf/0.1/name> ?v0 . } } OFFSET 0 LIMIT 1000
14:19:29 INFO  Fuseki               :: [83] exec/select
14:19:29 INFO  Fuseki               :: [84] exec/select
14:19:29 INFO  Fuseki               :: [83] 200 OK
14:19:29 INFO  Fuseki               :: [84] 200 OK
14:19:29 INFO  Fuseki               :: [85] GET http://localhost:3030/openData/query?query=SELECT+DISTINCT+%3Fb+%3Fv0+%0AFROM+%3Chttp%3A%2F%2Flocalhost%3A3030%2FopenData%2Fliste_villes_dbpedia.ttl%3E%0AWHERE+%7B%0A%0AOPTIONAL+%7B%0A%3Fb+%3Chttp%3A%2F%2Fxmlns.com%2Ffoaf%2F0.1%2Fname%3E+%3Fv0+.%0A%7D%0A%7D+OFFSET+1000+LIMIT+1000
14:19:29 INFO  Fuseki               :: [85] Query = SELECT DISTINCT ?b ?v0  FROM <http://localhost:3030/openData/liste_villes_dbpedia.ttl> WHERE {  OPTIONAL { ?b <http://xmlns.com/foaf/0.1/name> ?v0 . } } OFFSET 1000 LIMIT 1000
14:19:29 INFO  Fuseki               :: [85] exec/select
14:19:29 INFO  Fuseki               :: [85] 200 OK
14:19:30 INFO  Fuseki               :: [86] GET http://localhost:3030/openData/query?query=SELECT+DISTINCT+%3Fa+%3Fv0+%0AFROM+%3Chttp%3A%2F%2Flocalhost%3A3030%2FopenData%2Frdv_litteraires%3E%0AWHERE+%7B%0A%0AOPTIONAL+%7B%0A%3Fa+%3Chttp%3A%2F%2Fdbpedia.org%2Fproperty%2Finsee%3E+%3Fv0+.%0A%7D%0A%7D+OFFSET+0+LIMIT+1000
14:19:30 INFO  Fuseki               :: [86] Query = SELECT DISTINCT ?a ?v0  FROM <http://localhost:3030/openData/rdv_litteraires> WHERE {  OPTIONAL { ?a <http://dbpedia.org/property/insee> ?v0 . } } OFFSET 0 LIMIT 1000
14:19:30 INFO  Fuseki               :: [87] GET http://localhost:3030/openData/query?query=SELECT+DISTINCT+%3Fb+%3Fv0+%0AFROM+%3Chttp%3A%2F%2Flocalhost%3A3030%2FopenData%2Fliste_villes_dbpedia.ttl%3E%0AWHERE+%7B%0A%0AOPTIONAL+%7B%0A%3Fb+%3Chttp%3A%2F%2Fdbpedia.org%2Fproperty%2Finsee%3E+%3Fv0+.%0A%7D%0A%7D+OFFSET+0+LIMIT+1000
14:19:30 INFO  Fuseki               :: [87] Query = SELECT DISTINCT ?b ?v0  FROM <http://localhost:3030/openData/liste_villes_dbpedia.ttl> WHERE {  OPTIONAL { ?b <http://dbpedia.org/property/insee> ?v0 . } } OFFSET 0 LIMIT 1000
14:19:30 INFO  Fuseki               :: [86] exec/select
14:19:30 INFO  Fuseki               :: [86] 200 OK
14:19:30 INFO  Fuseki               :: [87] exec/select
14:19:30 INFO  Fuseki               :: [87] 200 OK
14:19:30 INFO  Fuseki               :: [88] GET http://localhost:3030/openData/query?query=SELECT+DISTINCT+%3Fb+%3Fv0+%0AFROM+%3Chttp%3A%2F%2Flocalhost%3A3030%2FopenData%2Fliste_villes_dbpedia.ttl%3E%0AWHERE+%7B%0A%0AOPTIONAL+%7B%0A%3Fb+%3Chttp%3A%2F%2Fdbpedia.org%2Fproperty%2Finsee%3E+%3Fv0+.%0A%7D%0A%7D+OFFSET+1000+LIMIT+1000
14:19:30 INFO  Fuseki               :: [88] Query = SELECT DISTINCT ?b ?v0  FROM <http://localhost:3030/openData/liste_villes_dbpedia.ttl> WHERE {  OPTIONAL { ?b <http://dbpedia.org/property/insee> ?v0 . } } OFFSET 1000 LIMIT 1000
14:19:30 INFO  Fuseki               :: [88] exec/select
14:19:30 INFO  Fuseki               :: [88] 200 OK
14:19:30 INFO  Fuseki               :: [89] GET http://localhost:3030/openData/query?query=SELECT+DISTINCT+%3Fa+%3Fv0+%0AFROM+%3Chttp%3A%2F%2Flocalhost%3A3030%2FopenData%2Fgolf%3E%0AWHERE+%7B%0A%0AOPTIONAL+%7B%0A%3Fa+%3Chttp%3A%2F%2Fdbpedia.org%2Fproperty%2Ftown%3E+%3Fv0+.%0A%7D%0A%7D+OFFSET+0+LIMIT+1000
14:19:30 INFO  Fuseki               :: [89] Query = SELECT DISTINCT ?a ?v0  FROM <http://localhost:3030/openData/golf> WHERE {  OPTIONAL { ?a <http://dbpedia.org/property/town> ?v0 . } } OFFSET 0 LIMIT 1000
14:19:30 INFO  Fuseki               :: [90] GET http://localhost:3030/openData/query?query=SELECT+DISTINCT+%3Fb+%3Fv0+%0AFROM+%3Chttp%3A%2F%2Flocalhost%3A3030%2FopenData%2Fliste_villes_dbpedia.ttl%3E%0AWHERE+%7B%0A%0AOPTIONAL+%7B%0A%3Fb+%3Chttp%3A%2F%2Fxmlns.com%2Ffoaf%2F0.1%2Fname%3E+%3Fv0+.%0A%7D%0A%7D+OFFSET+0+LIMIT+1000
14:19:30 INFO  Fuseki               :: [90] Query = SELECT DISTINCT ?b ?v0  FROM <http://localhost:3030/openData/liste_villes_dbpedia.ttl> WHERE {  OPTIONAL { ?b <http://xmlns.com/foaf/0.1/name> ?v0 . } } OFFSET 0 LIMIT 1000
14:19:30 INFO  Fuseki               :: [89] exec/select
14:19:30 INFO  Fuseki               :: [89] 200 OK
14:19:30 INFO  Fuseki               :: [90] exec/select
14:19:30 INFO  Fuseki               :: [90] 200 OK
14:19:30 INFO  Fuseki               :: [91] GET http://localhost:3030/openData/query?query=SELECT+DISTINCT+%3Fb+%3Fv0+%0AFROM+%3Chttp%3A%2F%2Flocalhost%3A3030%2FopenData%2Fliste_villes_dbpedia.ttl%3E%0AWHERE+%7B%0A%0AOPTIONAL+%7B%0A%3Fb+%3Chttp%3A%2F%2Fxmlns.com%2Ffoaf%2F0.1%2Fname%3E+%3Fv0+.%0A%7D%0A%7D+OFFSET+1000+LIMIT+1000
14:19:30 INFO  Fuseki               :: [91] Query = SELECT DISTINCT ?b ?v0  FROM <http://localhost:3030/openData/liste_villes_dbpedia.ttl> WHERE {  OPTIONAL { ?b <http://xmlns.com/foaf/0.1/name> ?v0 . } } OFFSET 1000 LIMIT 1000
14:19:30 INFO  Fuseki               :: [91] exec/select
14:19:30 INFO  Fuseki               :: [91] 200 OK
14:19:30 INFO  Fuseki               :: [92] GET http://localhost:3030/openData/query?query=SELECT+DISTINCT+%3Fa+%3Fv0+%0AFROM+%3Chttp%3A%2F%2Flocalhost%3A3030%2FopenData%2FPetites_cites_de_caractere%3E%0AWHERE+%7B%0A%0AOPTIONAL+%7B%0A%3Fa+%3Chttp%3A%2F%2Fdbpedia.org%2Fproperty%2Finsee%3E+%3Fv0+.%0A%7D%0A%7D+OFFSET+0+LIMIT+1000
14:19:30 INFO  Fuseki               :: [93] GET http://localhost:3030/openData/query?query=SELECT+DISTINCT+%3Fb+%3Fv0+%0AFROM+%3Chttp%3A%2F%2Flocalhost%3A3030%2FopenData%2Fliste_villes_dbpedia.ttl%3E%0AWHERE+%7B%0A%0AOPTIONAL+%7B%0A%3Fb+%3Chttp%3A%2F%2Fdbpedia.org%2Fproperty%2Finsee%3E+%3Fv0+.%0A%7D%0A%7D+OFFSET+0+LIMIT+1000
14:19:30 INFO  Fuseki               :: [92] Query = SELECT DISTINCT ?a ?v0  FROM <http://localhost:3030/openData/Petites_cites_de_caractere> WHERE {  OPTIONAL { ?a <http://dbpedia.org/property/insee> ?v0 . } } OFFSET 0 LIMIT 1000
14:19:30 INFO  Fuseki               :: [93] Query = SELECT DISTINCT ?b ?v0  FROM <http://localhost:3030/openData/liste_villes_dbpedia.ttl> WHERE {  OPTIONAL { ?b <http://dbpedia.org/property/insee> ?v0 . } } OFFSET 0 LIMIT 1000
14:19:30 INFO  Fuseki               :: [92] exec/select
14:19:30 INFO  Fuseki               :: [93] exec/select
14:19:30 INFO  Fuseki               :: [92] 200 OK
14:19:30 INFO  Fuseki               :: [93] 200 OK
14:19:30 INFO  Fuseki               :: [94] GET http://localhost:3030/openData/query?query=SELECT+DISTINCT+%3Fb+%3Fv0+%0AFROM+%3Chttp%3A%2F%2Flocalhost%3A3030%2FopenData%2Fliste_villes_dbpedia.ttl%3E%0AWHERE+%7B%0A%0AOPTIONAL+%7B%0A%3Fb+%3Chttp%3A%2F%2Fdbpedia.org%2Fproperty%2Finsee%3E+%3Fv0+.%0A%7D%0A%7D+OFFSET+1000+LIMIT+1000
14:19:30 INFO  Fuseki               :: [94] Query = SELECT DISTINCT ?b ?v0  FROM <http://localhost:3030/openData/liste_villes_dbpedia.ttl> WHERE {  OPTIONAL { ?b <http://dbpedia.org/property/insee> ?v0 . } } OFFSET 1000 LIMIT 1000
14:19:30 INFO  Fuseki               :: [94] exec/select
14:19:30 INFO  Fuseki               :: [94] 200 OK
14:19:31 INFO  Fuseki               :: [95] GET http://localhost:3030/openData/query?query=SELECT+DISTINCT+%3Fa+%3Fv0+%0AFROM+%3Chttp%3A%2F%2Flocalhost%3A3030%2FopenData%2Fculte%3E%0AWHERE+%7B%0A%0AOPTIONAL+%7B%0A%3Fa+%3Chttp%3A%2F%2Fdbpedia.org%2Fproperty%2Ftown%3E+%3Fv0+.%0A%7D%0A%7D+OFFSET+0+LIMIT+1000
14:19:31 INFO  Fuseki               :: [95] Query = SELECT DISTINCT ?a ?v0  FROM <http://localhost:3030/openData/culte> WHERE {  OPTIONAL { ?a <http://dbpedia.org/property/town> ?v0 . } } OFFSET 0 LIMIT 1000
14:19:31 INFO  Fuseki               :: [96] GET http://localhost:3030/openData/query?query=SELECT+DISTINCT+%3Fb+%3Fv0+%0AFROM+%3Chttp%3A%2F%2Flocalhost%3A3030%2FopenData%2Fliste_villes_dbpedia.ttl%3E%0AWHERE+%7B%0A%0AOPTIONAL+%7B%0A%3Fb+%3Chttp%3A%2F%2Fxmlns.com%2Ffoaf%2F0.1%2Fname%3E+%3Fv0+.%0A%7D%0A%7D+OFFSET+0+LIMIT+1000
14:19:31 INFO  Fuseki               :: [96] Query = SELECT DISTINCT ?b ?v0  FROM <http://localhost:3030/openData/liste_villes_dbpedia.ttl> WHERE {  OPTIONAL { ?b <http://xmlns.com/foaf/0.1/name> ?v0 . } } OFFSET 0 LIMIT 1000
14:19:31 INFO  Fuseki               :: [95] exec/select
14:19:31 INFO  Fuseki               :: [96] exec/select
14:19:31 INFO  Fuseki               :: [95] 200 OK
14:19:31 INFO  Fuseki               :: [96] 200 OK
14:19:31 INFO  Fuseki               :: [97] GET http://localhost:3030/openData/query?query=SELECT+DISTINCT+%3Fb+%3Fv0+%0AFROM+%3Chttp%3A%2F%2Flocalhost%3A3030%2FopenData%2Fliste_villes_dbpedia.ttl%3E%0AWHERE+%7B%0A%0AOPTIONAL+%7B%0A%3Fb+%3Chttp%3A%2F%2Fxmlns.com%2Ffoaf%2F0.1%2Fname%3E+%3Fv0+.%0A%7D%0A%7D+OFFSET+1000+LIMIT+1000
14:19:31 INFO  Fuseki               :: [97] Query = SELECT DISTINCT ?b ?v0  FROM <http://localhost:3030/openData/liste_villes_dbpedia.ttl> WHERE {  OPTIONAL { ?b <http://xmlns.com/foaf/0.1/name> ?v0 . } } OFFSET 1000 LIMIT 1000
14:19:31 INFO  Fuseki               :: [97] exec/select
14:19:31 INFO  Fuseki               :: [97] 200 OK
14:19:31 INFO  Fuseki               :: [99] GET http://localhost:3030/openData/query?query=SELECT+DISTINCT+%3Fb+%3Fv0+%0AFROM+%3Chttp%3A%2F%2Flocalhost%3A3030%2FopenData%2Fliste_villes_dbpedia.ttl%3E%0AWHERE+%7B%0A%0AOPTIONAL+%7B%0A%3Fb+%3Chttp%3A%2F%2Fxmlns.com%2Ffoaf%2F0.1%2Fname%3E+%3Fv0+.%0A%7D%0A%7D+OFFSET+0+LIMIT+1000
14:19:31 INFO  Fuseki               :: [98] GET http://localhost:3030/openData/query?query=SELECT+DISTINCT+%3Fa+%3Fv0+%0AFROM+%3Chttp%3A%2F%2Flocalhost%3A3030%2FopenData%2Fvie_pratique%3E%0AWHERE+%7B%0A%0AOPTIONAL+%7B%0A%3Fa+%3Chttp%3A%2F%2Fdbpedia.org%2Fproperty%2Ftown%3E+%3Fv0+.%0A%7D%0A%7D+OFFSET+0+LIMIT+1000
14:19:31 INFO  Fuseki               :: [99] Query = SELECT DISTINCT ?b ?v0  FROM <http://localhost:3030/openData/liste_villes_dbpedia.ttl> WHERE {  OPTIONAL { ?b <http://xmlns.com/foaf/0.1/name> ?v0 . } } OFFSET 0 LIMIT 1000
14:19:31 INFO  Fuseki               :: [98] Query = SELECT DISTINCT ?a ?v0  FROM <http://localhost:3030/openData/vie_pratique> WHERE {  OPTIONAL { ?a <http://dbpedia.org/property/town> ?v0 . } } OFFSET 0 LIMIT 1000
14:19:31 INFO  Fuseki               :: [98] exec/select
14:19:31 INFO  Fuseki               :: [99] exec/select
14:19:31 INFO  Fuseki               :: [98] 200 OK
14:19:31 INFO  Fuseki               :: [99] 200 OK
14:19:31 INFO  Fuseki               :: [100] GET http://localhost:3030/openData/query?query=SELECT+DISTINCT+%3Fb+%3Fv0+%0AFROM+%3Chttp%3A%2F%2Flocalhost%3A3030%2FopenData%2Fliste_villes_dbpedia.ttl%3E%0AWHERE+%7B%0A%0AOPTIONAL+%7B%0A%3Fb+%3Chttp%3A%2F%2Fxmlns.com%2Ffoaf%2F0.1%2Fname%3E+%3Fv0+.%0A%7D%0A%7D+OFFSET+1000+LIMIT+1000
14:19:31 INFO  Fuseki               :: [100] Query = SELECT DISTINCT ?b ?v0  FROM <http://localhost:3030/openData/liste_villes_dbpedia.ttl> WHERE {  OPTIONAL { ?b <http://xmlns.com/foaf/0.1/name> ?v0 . } } OFFSET 1000 LIMIT 1000
14:19:31 INFO  Fuseki               :: [100] exec/select
14:19:31 INFO  Fuseki               :: [100] 200 OK
14:19:31 INFO  Fuseki               :: [101] GET http://localhost:3030/openData/query?query=SELECT+DISTINCT+%3Fa+%3Fv0+%0AFROM+%3Chttp%3A%2F%2Flocalhost%3A3030%2FopenData%2FRDV_litteraires%3E%0AWHERE+%7B%0A%0AOPTIONAL+%7B%0A%3Fa+%3Chttp%3A%2F%2Fdbpedia.org%2Fproperty%2Finsee%3E+%3Fv0+.%0A%7D%0A%7D+OFFSET+0+LIMIT+1000
14:19:31 INFO  Fuseki               :: [102] GET http://localhost:3030/openData/query?query=SELECT+DISTINCT+%3Fb+%3Fv0+%0AFROM+%3Chttp%3A%2F%2Flocalhost%3A3030%2FopenData%2Fliste_villes_dbpedia.ttl%3E%0AWHERE+%7B%0A%0AOPTIONAL+%7B%0A%3Fb+%3Chttp%3A%2F%2Fdbpedia.org%2Fproperty%2Finsee%3E+%3Fv0+.%0A%7D%0A%7D+OFFSET+0+LIMIT+1000
14:19:31 INFO  Fuseki               :: [101] Query = SELECT DISTINCT ?a ?v0  FROM <http://localhost:3030/openData/RDV_litteraires> WHERE {  OPTIONAL { ?a <http://dbpedia.org/property/insee> ?v0 . } } OFFSET 0 LIMIT 1000
14:19:31 INFO  Fuseki               :: [102] Query = SELECT DISTINCT ?b ?v0  FROM <http://localhost:3030/openData/liste_villes_dbpedia.ttl> WHERE {  OPTIONAL { ?b <http://dbpedia.org/property/insee> ?v0 . } } OFFSET 0 LIMIT 1000
14:19:31 INFO  Fuseki               :: [102] exec/select
14:19:31 INFO  Fuseki               :: [101] exec/select
14:19:31 INFO  Fuseki               :: [101] 200 OK
14:19:31 INFO  Fuseki               :: [102] 200 OK
14:19:31 INFO  Fuseki               :: [103] GET http://localhost:3030/openData/query?query=SELECT+DISTINCT+%3Fb+%3Fv0+%0AFROM+%3Chttp%3A%2F%2Flocalhost%3A3030%2FopenData%2Fliste_villes_dbpedia.ttl%3E%0AWHERE+%7B%0A%0AOPTIONAL+%7B%0A%3Fb+%3Chttp%3A%2F%2Fdbpedia.org%2Fproperty%2Finsee%3E+%3Fv0+.%0A%7D%0A%7D+OFFSET+1000+LIMIT+1000
14:19:31 INFO  Fuseki               :: [103] Query = SELECT DISTINCT ?b ?v0  FROM <http://localhost:3030/openData/liste_villes_dbpedia.ttl> WHERE {  OPTIONAL { ?b <http://dbpedia.org/property/insee> ?v0 . } } OFFSET 1000 LIMIT 1000
14:19:31 INFO  Fuseki               :: [103] exec/select
14:19:31 INFO  Fuseki               :: [103] 200 OK
14:19:31 INFO  Fuseki               :: [104] GET http://localhost:3030/openData/query?query=SELECT+DISTINCT+%3Fb+%3Fv0+%0AFROM+%3Chttp%3A%2F%2Flocalhost%3A3030%2FopenData%2Fliste_villes_dbpedia.ttl%3E%0AWHERE+%7B%0A%0AOPTIONAL+%7B%0A%3Fb+%3Chttp%3A%2F%2Fxmlns.com%2Ffoaf%2F0.1%2Fname%3E+%3Fv0+.%0A%7D%0A%7D+OFFSET+0+LIMIT+1000
14:19:31 INFO  Fuseki               :: [105] GET http://localhost:3030/openData/query?query=SELECT+DISTINCT+%3Fa+%3Fv0+%0AFROM+%3Chttp%3A%2F%2Flocalhost%3A3030%2FopenData%2Fsport_loisir%3E%0AWHERE+%7B%0A%0AOPTIONAL+%7B%0A%3Fa+%3Chttp%3A%2F%2Fdbpedia.org%2Fproperty%2Ftown%3E+%3Fv0+.%0A%7D%0A%7D+OFFSET+0+LIMIT+1000
14:19:31 INFO  Fuseki               :: [104] Query = SELECT DISTINCT ?b ?v0  FROM <http://localhost:3030/openData/liste_villes_dbpedia.ttl> WHERE {  OPTIONAL { ?b <http://xmlns.com/foaf/0.1/name> ?v0 . } } OFFSET 0 LIMIT 1000
14:19:31 INFO  Fuseki               :: [105] Query = SELECT DISTINCT ?a ?v0  FROM <http://localhost:3030/openData/sport_loisir> WHERE {  OPTIONAL { ?a <http://dbpedia.org/property/town> ?v0 . } } OFFSET 0 LIMIT 1000
14:19:31 INFO  Fuseki               :: [105] exec/select
14:19:31 INFO  Fuseki               :: [104] exec/select
14:19:31 INFO  Fuseki               :: [105] 200 OK
14:19:31 INFO  Fuseki               :: [104] 200 OK
14:19:32 INFO  Fuseki               :: [106] GET http://localhost:3030/openData/query?query=SELECT+DISTINCT+%3Fb+%3Fv0+%0AFROM+%3Chttp%3A%2F%2Flocalhost%3A3030%2FopenData%2Fliste_villes_dbpedia.ttl%3E%0AWHERE+%7B%0A%0AOPTIONAL+%7B%0A%3Fb+%3Chttp%3A%2F%2Fxmlns.com%2Ffoaf%2F0.1%2Fname%3E+%3Fv0+.%0A%7D%0A%7D+OFFSET+1000+LIMIT+1000
14:19:32 INFO  Fuseki               :: [106] Query = SELECT DISTINCT ?b ?v0  FROM <http://localhost:3030/openData/liste_villes_dbpedia.ttl> WHERE {  OPTIONAL { ?b <http://xmlns.com/foaf/0.1/name> ?v0 . } } OFFSET 1000 LIMIT 1000
14:19:32 INFO  Fuseki               :: [106] exec/select
14:19:32 INFO  Fuseki               :: [106] 200 OK
